\BOOKMARK [1][-]{section.1}{\376\377\000D\000e\000s\000c\000r\000i\000p\000t\000i\000o\000n}{}% 1
\BOOKMARK [1][-]{section.2}{\376\377\000I\000n\000s\000t\000r\000u\000c\000t\000i\000o\000n\000\040\000S\000e\000t\000\040\000o\000f\000\040\000t\000h\000e\000\040\000P\000r\000o\000c\000e\000s\000s\000o\000r}{}% 2
\BOOKMARK [2][-]{subsection.2.1}{\376\377\000A\000r\000i\000t\000h\000m\000e\000t\000i\000c\000\040\000a\000n\000d\000\040\000L\000o\000g\000i\000c\000a\000l\000\040\000I\000n\000s\000t\000r\000u\000c\000t\000i\000o\000n\000s}{section.2}% 3
\BOOKMARK [3][-]{subsubsection.2.1.1}{\376\377\000A\000N\000D}{subsection.2.1}% 4
\BOOKMARK [3][-]{subsubsection.2.1.2}{\376\377\000O\000R}{subsection.2.1}% 5
\BOOKMARK [3][-]{subsubsection.2.1.3}{\376\377\000I\000N\000V}{subsection.2.1}% 6
\BOOKMARK [3][-]{subsubsection.2.1.4}{\376\377\000A\000D\000D}{subsection.2.1}% 7
\BOOKMARK [2][-]{subsection.2.2}{\376\377\000M\000e\000m\000o\000r\000y\000\040\000A\000c\000c\000e\000s\000s\000\040\000a\000n\000d\000\040\000I\000m\000m\000e\000d\000i\000a\000t\000e\000\040\000I\000n\000s\000t\000r\000u\000c\000t\000i\000o\000n\000s}{section.2}% 8
\BOOKMARK [3][-]{subsubsection.2.2.1}{\376\377\000L\000D\000I}{subsection.2.2}% 9
\BOOKMARK [3][-]{subsubsection.2.2.2}{\376\377\000L\000D\000M}{subsection.2.2}% 10
\BOOKMARK [3][-]{subsubsection.2.2.3}{\376\377\000S\000T\000M}{subsection.2.2}% 11
\BOOKMARK [2][-]{subsection.2.3}{\376\377\000M\000e\000m\000o\000r\000y\000\040\000A\000c\000c\000e\000s\000s\000\040\000a\000n\000d\000\040\000I\000m\000m\000e\000d\000i\000a\000t\000e\000\040\000I\000n\000s\000t\000r\000u\000c\000t\000i\000o\000n\000s}{section.2}% 12
\BOOKMARK [3][-]{subsubsection.2.3.1}{\376\377\000S\000W\000A\000B}{subsection.2.3}% 13
\BOOKMARK [3][-]{subsubsection.2.3.2}{\376\377\000S\000W\000M\000B}{subsection.2.3}% 14
\BOOKMARK [3][-]{subsubsection.2.3.3}{\376\377\000C\000P\000P\000A}{subsection.2.3}% 15
\BOOKMARK [3][-]{subsubsection.2.3.4}{\376\377\000C\000P\000A\000M}{subsection.2.3}% 16
\BOOKMARK [2][-]{subsection.2.4}{\376\377\000U\000n\000c\000o\000n\000d\000i\000t\000i\000o\000n\000a\000l\000\040\000a\000n\000d\000\040\000C\000o\000n\000d\000i\000t\000i\000o\000n\000a\000l\000\040\000J\000u\000m\000p\000s}{section.2}% 17
\BOOKMARK [3][-]{subsubsection.2.4.1}{\376\377\000J\000U}{subsection.2.4}% 18
\BOOKMARK [3][-]{subsubsection.2.4.2}{\376\377\000J\000E}{subsection.2.4}% 19
\BOOKMARK [3][-]{subsubsection.2.4.3}{\376\377\000J\000L}{subsection.2.4}% 20
\BOOKMARK [3][-]{subsubsection.2.4.4}{\376\377\000J\000G}{subsection.2.4}% 21
\BOOKMARK [1][-]{section.3}{\376\377\000B\000l\000o\000c\000k\000\040\000D\000i\000a\000g\000r\000a\000m}{}% 22
\BOOKMARK [1][-]{section.4}{\376\377\000S\000o\000f\000t\000w\000a\000r\000e\000\040\000D\000e\000s\000i\000g\000n\000\040\000a\000n\000d\000\040\000V\000e\000r\000i\000f\000i\000c\000a\000t\000i\000o\000n\000\040\000T\000o\000o\000l\000s}{}% 23
\BOOKMARK [2][-]{subsection.4.1}{\376\377\000E\000m\000u\000l\000a\000t\000o\000r}{section.4}% 24
\BOOKMARK [2][-]{subsection.4.2}{\376\377\000A\000s\000s\000e\000m\000b\000l\000e\000r}{section.4}% 25
\BOOKMARK [2][-]{subsection.4.3}{\376\377\000M\000a\000k\000e\000f\000i\000l\000e}{section.4}% 26
\BOOKMARK [1][-]{section.5}{\376\377\000I\000/\000O\000\040\000I\000n\000t\000e\000r\000f\000a\000c\000e\000\040\000D\000e\000s\000c\000r\000i\000p\000t\000i\000o\000n}{}% 27
\BOOKMARK [1][-]{section.6}{\376\377\000B\000e\000h\000a\000v\000i\000o\000u\000r\000a\000l\000\040\000M\000o\000d\000e\000l}{}% 28
\BOOKMARK [1][-]{section.7}{\376\377\000S\000t\000r\000u\000c\000t\000u\000r\000a\000l\000\040\000M\000o\000d\000e\000l}{}% 29
\BOOKMARK [1][-]{section.8}{\376\377\0007\0004\000\040\000s\000e\000r\000i\000e\000s\000\040\000S\000t\000r\000u\000c\000t\000u\000r\000a\000l\000\040\000M\000o\000d\000e\000l}{}% 30
\BOOKMARK [1][-]{section.9}{\376\377\000S\000R\000A\000M\000\040\000/\000\040\000E\000E\000P\000R\000O\000M}{}% 31
\BOOKMARK [2][-]{subsection.9.1}{\376\377\000C\000o\000m\000p\000o\000n\000e\000n\000t\000s\000\040\000R\000e\000q\000u\000i\000r\000e\000d}{section.9}% 32
\BOOKMARK [3][-]{subsubsection.9.1.1}{\376\377\000I\000C}{subsection.9.1}% 33
\BOOKMARK [3][-]{subsubsection.9.1.2}{\376\377\000S\000o\000c\000k\000e\000t\000s}{subsection.9.1}% 34
\BOOKMARK [2][-]{subsection.9.2}{\376\377\000I\000/\000O\000\040\000o\000f\000\040\000t\000h\000e\000\040\000D\000e\000v\000i\000c\000e}{section.9}% 35
\BOOKMARK [2][-]{subsection.9.3}{\376\377\000P\000r\000o\000g\000r\000a\000m\000m\000e\000r\000\040\000D\000e\000v\000i\000c\000e}{section.9}% 36
\BOOKMARK [2][-]{subsection.9.4}{\376\377\000T\000i\000m\000i\000n\000g\000\040\000D\000i\000a\000g\000r\000a\000m\000s}{section.9}% 37
\BOOKMARK [1][-]{section.10}{\376\377\000P\000C\000B\000\040\000d\000e\000s\000i\000g\000n\000\040\000f\000o\000r\000\040\000t\000h\000e\000\040\000P\000r\000o\000c\000e\000s\000s\000o\000r}{}% 38
\BOOKMARK [2][-]{subsection.10.1}{\376\377\000S\000c\000h\000e\000m\000a\000t\000i\000c\000\040\000D\000e\000s\000i\000g\000n}{section.10}% 39
\BOOKMARK [2][-]{subsection.10.2}{\376\377\000P\000l\000a\000c\000e\000\040\000a\000n\000d\000\040\000R\000o\000u\000t\000e}{section.10}% 40
\BOOKMARK [3][-]{subsubsection.10.2.1}{\376\377\000F\000r\000o\000n\000t\000\040\000S\000i\000d\000e\000\040\000C\000o\000p\000p\000e\000r\000\040\000L\000a\000y\000e\000r}{subsection.10.2}% 41
\BOOKMARK [3][-]{subsubsection.10.2.2}{\376\377\000B\000a\000c\000k\000\040\000S\000i\000d\000e\000\040\000C\000o\000p\000p\000e\000r\000\040\000L\000a\000y\000e\000r}{subsection.10.2}% 42
\BOOKMARK [2][-]{subsection.10.3}{\376\377\000S\000i\000l\000k\000-\000s\000c\000r\000e\000e\000n\000\040\000L\000a\000y\000e\000r}{section.10}% 43
\BOOKMARK [1][-]{section.11}{\376\377\000P\000W\000R\000\040\000S\000o\000u\000r\000c\000e\000\040\000o\000f\000\040\000t\000h\000e\000\040\000D\000e\000v\000i\000c\000e}{}% 44
\BOOKMARK [2][-]{subsection.11.1}{\376\377\000C\000o\000m\000p\000o\000n\000e\000n\000t\000s\000\040\000R\000e\000q\000u\000i\000r\000e\000d}{section.11}% 45
\BOOKMARK [2][-]{subsection.11.2}{\376\377\000P\000C\000B\000\040\000D\000e\000s\000i\000g\000n\000\040\000f\000o\000r\000\040\000t\000h\000e\000\040\000P\000W\000R\000\040\000S\000o\000u\000r\000c\000e}{section.11}% 46
\BOOKMARK [2][-]{subsection.11.3}{\376\377\000C\000o\000o\000l\000i\000n\000g\000\040\000f\000o\000r\000\040\000t\000h\000e\000\040\000S\000o\000u\000r\000c\000e}{section.11}% 47
\BOOKMARK [1][-]{section.12}{\376\377\000T\000i\000m\000i\000n\000g\000\040\000D\000i\000a\000g\000r\000a\000m\000s\000\040\000o\000f\000\040\000t\000h\000e\000\040\000D\000e\000v\000i\000c\000e}{}% 48
\BOOKMARK [1][-]{section.13}{\376\377\000D\000e\000v\000i\000c\000e\000\040\000E\000x\000t\000e\000r\000n\000a\000l\000s}{}% 49
\BOOKMARK [2][-]{subsection.13.1}{\376\377\000H\000e\000x\000\040\000D\000i\000s\000p\000l\000a\000y\000\040\000a\000n\000d\000\040\000D\000r\000i\000v\000e\000r\000s}{section.13}% 50
\BOOKMARK [2][-]{subsection.13.2}{\376\377\000B\000u\000t\000t\000o\000n\000s\000\040\000a\000n\000d\000\040\000S\000w\000i\000t\000c\000h\000e\000s}{section.13}% 51
\BOOKMARK [2][-]{subsection.13.3}{\376\377\000I\000n\000s\000u\000l\000a\000t\000i\000o\000n\000\040\000B\000o\000x}{section.13}% 52
\BOOKMARK [2][-]{subsection.13.4}{\376\377\000P\000a\000s\000s\000i\000v\000e\000\040\000C\000o\000o\000l\000i\000n\000g}{section.13}% 53
\BOOKMARK [2][-]{subsection.13.5}{\376\377\000S\000t\000i\000l\000t\000s}{section.13}% 54
