#! /usr/bin/vvp
:ivl_version "11.0 (stable)";
:ivl_delay_selection "TYPICAL";
:vpi_time_precision + 0;
:vpi_module "/usr/lib/x86_64-linux-gnu/ivl/system.vpi";
:vpi_module "/usr/lib/x86_64-linux-gnu/ivl/vhdl_sys.vpi";
:vpi_module "/usr/lib/x86_64-linux-gnu/ivl/vhdl_textio.vpi";
:vpi_module "/usr/lib/x86_64-linux-gnu/ivl/v2005_math.vpi";
:vpi_module "/usr/lib/x86_64-linux-gnu/ivl/va_math.vpi";
S_0x556e1c4f2040 .scope module, "tinycpu_test" "tinycpu_test" 2 1;
 .timescale 0 0;
v0x556e1c51d250_0 .var "clk", 0 0;
v0x556e1c51d320_0 .var "reset", 0 0;
E_0x556e1c4fb230 .event posedge, v0x556e1c51c930_0;
S_0x556e1c4f21d0 .scope module, "cpumodel" "tinycpu" 2 61, 3 1 0, S_0x556e1c4f2040;
 .timescale 0 0;
    .port_info 0 /INPUT 1 "clk";
    .port_info 1 /INPUT 1 "reset";
P_0x556e1c4fc3f0 .param/l "ADD" 1 3 13, C4<0011>;
P_0x556e1c4fc430 .param/l "AND" 1 3 10, C4<0000>;
P_0x556e1c4fc470 .param/l "CPAM" 1 3 24, C4<1011>;
P_0x556e1c4fc4b0 .param/l "CPPA" 1 3 23, C4<1010>;
P_0x556e1c4fc4f0 .param/l "EXEC" 1 3 37, C4<010>;
P_0x556e1c4fc530 .param/l "FETCH" 1 3 36, C4<001>;
P_0x556e1c4fc570 .param/l "IDLE" 1 3 35, C4<000>;
P_0x556e1c4fc5b0 .param/l "INV" 1 3 12, C4<0010>;
P_0x556e1c4fc5f0 .param/l "JE" 1 3 28, C4<1101>;
P_0x556e1c4fc630 .param/l "JG" 1 3 30, C4<1111>;
P_0x556e1c4fc670 .param/l "JL" 1 3 29, C4<1110>;
P_0x556e1c4fc6b0 .param/l "JU" 1 3 27, C4<1100>;
P_0x556e1c4fc6f0 .param/l "LDI" 1 3 16, C4<0100>;
P_0x556e1c4fc730 .param/l "LDM" 1 3 17, C4<0101>;
P_0x556e1c4fc770 .param/l "MEMACC1" 1 3 38, C4<011>;
P_0x556e1c4fc7b0 .param/l "MEMACC2" 1 3 39, C4<100>;
P_0x556e1c4fc7f0 .param/l "MEMACC3" 1 3 40, C4<101>;
P_0x556e1c4fc830 .param/l "OR" 1 3 11, C4<0001>;
P_0x556e1c4fc870 .param/l "STM" 1 3 18, C4<0110>;
P_0x556e1c4fc8b0 .param/l "SWAB" 1 3 21, C4<1000>;
P_0x556e1c4fc8f0 .param/l "SWMB" 1 3 22, C4<1001>;
o0x7feecfd8e348 .functor BUFZ 8, C4<zzzzzzzz>; HiZ drive
; Elide local net with no drivers, v0x556e1c51c6d0_0 name=_ivl_0
v0x556e1c51c7d0_0 .var "addr", 7 0;
v0x556e1c51c890_0 .var "cen", 0 0;
v0x556e1c51c930_0 .net "clk", 0 0, v0x556e1c51d250_0;  1 drivers
v0x556e1c51c9d0_0 .var "den", 0 0;
RS_0x7feecfd8e168 .resolv tri, L_0x556e1c51d3f0, L_0x556e1c51d730;
v0x556e1c51ca70_0 .net8 "dq", 7 0, RS_0x7feecfd8e168;  2 drivers
v0x556e1c51cb10_0 .var "exec_state", 2 0;
v0x556e1c51cbd0_0 .var "instr", 7 0;
v0x556e1c51ccb0_0 .var "oen", 0 0;
v0x556e1c51cd50_0 .var "rA", 7 0;
v0x556e1c51ce10_0 .var "rB", 7 0;
v0x556e1c51cef0_0 .var "rM", 7 0;
v0x556e1c51cfd0_0 .var "rP", 7 0;
v0x556e1c51d0b0_0 .net "reset", 0 0, v0x556e1c51d320_0;  1 drivers
v0x556e1c51d170_0 .var "wen", 0 0;
E_0x556e1c4fb350/0 .event negedge, v0x556e1c51d0b0_0;
E_0x556e1c4fb350/1 .event posedge, v0x556e1c51c930_0;
E_0x556e1c4fb350 .event/or E_0x556e1c4fb350/0, E_0x556e1c4fb350/1;
L_0x556e1c51d3f0 .functor MUXZ 8, o0x7feecfd8e348, v0x556e1c51cd50_0, v0x556e1c51c9d0_0, C4<>;
S_0x556e1c4e09b0 .scope module, "sram" "sram" 3 270, 4 1 0, S_0x556e1c4f21d0;
 .timescale 0 0;
    .port_info 0 /INPUT 8 "addr";
    .port_info 1 /INPUT 1 "cen";
    .port_info 2 /INPUT 1 "wen";
    .port_info 3 /INPUT 1 "oen";
    .port_info 4 /INOUT 8 "dq";
P_0x556e1c4fc940 .param/l "ADD" 1 4 24, C4<0011>;
P_0x556e1c4fc980 .param/l "AND" 1 4 21, C4<0000>;
P_0x556e1c4fc9c0 .param/l "CPAM" 1 4 35, C4<1011>;
P_0x556e1c4fca00 .param/l "CPPA" 1 4 34, C4<1010>;
P_0x556e1c4fca40 .param/l "DEBUG_ON" 1 4 10, +C4<00000000000000000000000000000001>;
P_0x556e1c4fca80 .param/l "INV" 1 4 23, C4<0010>;
P_0x556e1c4fcac0 .param/l "JE" 1 4 39, C4<1101>;
P_0x556e1c4fcb00 .param/l "JG" 1 4 41, C4<1111>;
P_0x556e1c4fcb40 .param/l "JL" 1 4 40, C4<1110>;
P_0x556e1c4fcb80 .param/l "JU" 1 4 38, C4<1100>;
P_0x556e1c4fcbc0 .param/l "LDI" 1 4 27, C4<0100>;
P_0x556e1c4fcc00 .param/l "LDM" 1 4 28, C4<0101>;
P_0x556e1c4fcc40 .param/l "OR" 1 4 22, C4<0001>;
P_0x556e1c4fcc80 .param/l "STM" 1 4 29, C4<0110>;
P_0x556e1c4fccc0 .param/l "SWAB" 1 4 32, C4<1000>;
P_0x556e1c4fcd00 .param/l "SWMB" 1 4 33, C4<1001>;
P_0x556e1c4fcd40 .param/l "TOOLCHAIN" 1 4 15, +C4<00000000000000000000000000000001>;
L_0x556e1c4c0550 .functor BUFZ 8, L_0x556e1c51d4f0, C4<00000000>, C4<00000000>, C4<00000000>;
v0x556e1c4c07d0_0 .net *"_ivl_0", 7 0, L_0x556e1c51d4f0;  1 drivers
v0x556e1c4c22d0_0 .net *"_ivl_2", 9 0, L_0x556e1c51d5f0;  1 drivers
L_0x7feecfd45018 .functor BUFT 1, C4<00>, C4<0>, C4<0>, C4<0>;
v0x556e1c4c3680_0 .net *"_ivl_5", 1 0, L_0x7feecfd45018;  1 drivers
o0x7feecfd8e0a8 .functor BUFZ 8, C4<zzzzzzzz>; HiZ drive
; Elide local net with no drivers, v0x556e1c4c4c60_0 name=_ivl_8
v0x556e1c4c80b0_0 .net "addr", 7 0, v0x556e1c51c7d0_0;  1 drivers
v0x556e1c4bf670_0 .var "addr_reg", 7 0;
v0x556e1c4be010_0 .net "cen", 0 0, v0x556e1c51c890_0;  1 drivers
v0x556e1c51c170_0 .net8 "dq", 7 0, RS_0x7feecfd8e168;  alias, 2 drivers
v0x556e1c51c250_0 .var "hizen", 0 0;
v0x556e1c51c310_0 .net "oen", 0 0, v0x556e1c51ccb0_0;  1 drivers
v0x556e1c51c3d0_0 .net "q", 7 0, L_0x556e1c4c0550;  1 drivers
v0x556e1c51c4b0 .array "sram", 255 0, 7 0;
v0x556e1c51c570_0 .net "wen", 0 0, v0x556e1c51d170_0;  1 drivers
E_0x556e1c4fbc00 .event edge, v0x556e1c51c310_0, v0x556e1c4be010_0;
E_0x556e1c4fbc40 .event edge, v0x556e1c51c310_0;
E_0x556e1c4fbc80 .event edge, v0x556e1c4be010_0, v0x556e1c51c570_0;
E_0x556e1c494cc0 .event edge, v0x556e1c51c570_0, v0x556e1c51c310_0;
E_0x556e1c4cc9e0 .event edge, v0x556e1c4be010_0;
L_0x556e1c51d4f0 .array/port v0x556e1c51c4b0, L_0x556e1c51d5f0;
L_0x556e1c51d5f0 .concat [ 8 2 0 0], v0x556e1c51c7d0_0, L_0x7feecfd45018;
L_0x556e1c51d730 .functor MUXZ 8, o0x7feecfd8e0a8, L_0x556e1c4c0550, v0x556e1c51c250_0, C4<>;
    .scope S_0x556e1c4e09b0;
T_0 ;
    %vpi_call 4 55 "$readmemh", "program.mem", v0x556e1c51c4b0 {0 0 0};
    %end;
    .thread T_0;
    .scope S_0x556e1c4e09b0;
T_1 ;
    %pushi/vec4 0, 0, 1;
    %assign/vec4 v0x556e1c51c250_0, 0;
T_1.0 ;
    %load/vec4 v0x556e1c4be010_0;
    %pushi/vec4 0, 0, 1;
    %cmp/e;
    %flag_get/vec4 4;
    %load/vec4 v0x556e1c51c570_0;
    %pushi/vec4 0, 0, 1;
    %cmp/e;
    %flag_get/vec4 4;
    %or;
    %cmpi/ne 1, 0, 1;
    %jmp/0xz T_1.1, 6;
    %wait E_0x556e1c4fbc80;
    %jmp T_1.0;
T_1.1 ;
    %load/vec4 v0x556e1c4be010_0;
    %cmpi/e 1, 0, 1;
    %jmp/0xz  T_1.2, 4;
T_1.4 ;
    %load/vec4 v0x556e1c4be010_0;
    %pushi/vec4 0, 0, 1;
    %cmp/e;
    %flag_get/vec4 4;
    %cmpi/ne 1, 0, 1;
    %jmp/0xz T_1.5, 6;
    %wait E_0x556e1c4cc9e0;
    %jmp T_1.4;
T_1.5 ;
    %load/vec4 v0x556e1c4c80b0_0;
    %assign/vec4 v0x556e1c4bf670_0, 0;
    %vpi_call 4 96 "$display", "At time %0t: CE Initiated Write cycle", $stime {0 0 0};
T_1.6 ;
    %load/vec4 v0x556e1c4be010_0;
    %pushi/vec4 1, 0, 1;
    %cmp/e;
    %flag_get/vec4 4;
    %load/vec4 v0x556e1c51c570_0;
    %pushi/vec4 1, 0, 1;
    %cmp/e;
    %flag_get/vec4 4;
    %or;
    %cmpi/ne 1, 0, 1;
    %jmp/0xz T_1.7, 6;
    %wait E_0x556e1c4fbc80;
    %jmp T_1.6;
T_1.7 ;
    %load/vec4 v0x556e1c51c570_0;
    %cmpi/e 1, 0, 1;
    %jmp/0xz  T_1.8, 4;
    %vpi_call 4 105 "$display", "At time %0t: WE Terminated Write Cycle, mem[%x] = %x", $stime, v0x556e1c4bf670_0, v0x556e1c51c170_0 {0 0 0};
    %jmp T_1.9;
T_1.8 ;
    %vpi_call 4 109 "$display", "At time %0t: CE Terminated Write Cycle, mem[%x] = %x", $stime, v0x556e1c4bf670_0, v0x556e1c51c170_0 {0 0 0};
T_1.9 ;
    %load/vec4 v0x556e1c51c170_0;
    %load/vec4 v0x556e1c4bf670_0;
    %pad/u 10;
    %ix/vec4 4;
    %store/vec4a v0x556e1c51c4b0, 4, 0;
T_1.10 ;
    %load/vec4 v0x556e1c4be010_0;
    %pushi/vec4 1, 0, 1;
    %cmp/e;
    %flag_get/vec4 4;
    %load/vec4 v0x556e1c51c570_0;
    %pushi/vec4 1, 0, 1;
    %cmp/e;
    %flag_get/vec4 4;
    %and;
    %cmpi/ne 1, 0, 1;
    %jmp/0xz T_1.11, 6;
    %wait E_0x556e1c4fbc80;
    %jmp T_1.10;
T_1.11 ;
    %jmp T_1.3;
T_1.2 ;
T_1.12 ;
    %load/vec4 v0x556e1c51c570_0;
    %pushi/vec4 0, 0, 1;
    %cmp/e;
    %flag_get/vec4 4;
    %load/vec4 v0x556e1c51c310_0;
    %pushi/vec4 0, 0, 1;
    %cmp/e;
    %flag_get/vec4 4;
    %or;
    %cmpi/ne 1, 0, 1;
    %jmp/0xz T_1.13, 6;
    %wait E_0x556e1c494cc0;
    %jmp T_1.12;
T_1.13 ;
    %load/vec4 v0x556e1c51c570_0;
    %cmpi/e 0, 0, 1;
    %jmp/0xz  T_1.14, 4;
    %load/vec4 v0x556e1c4c80b0_0;
    %assign/vec4 v0x556e1c4bf670_0, 0;
    %vpi_call 4 127 "$display", "At time %0t: WE Initiated Write cycle", $stime {0 0 0};
T_1.16 ;
    %load/vec4 v0x556e1c4be010_0;
    %pushi/vec4 1, 0, 1;
    %cmp/e;
    %flag_get/vec4 4;
    %load/vec4 v0x556e1c51c570_0;
    %pushi/vec4 1, 0, 1;
    %cmp/e;
    %flag_get/vec4 4;
    %or;
    %cmpi/ne 1, 0, 1;
    %jmp/0xz T_1.17, 6;
    %wait E_0x556e1c4fbc80;
    %jmp T_1.16;
T_1.17 ;
    %load/vec4 v0x556e1c51c570_0;
    %cmpi/e 1, 0, 1;
    %jmp/0xz  T_1.18, 4;
    %vpi_call 4 136 "$display", "At time %0t: WE Terminated Write Cycle, mem[%x] = %x", $stime, v0x556e1c4bf670_0, v0x556e1c51c170_0 {0 0 0};
    %jmp T_1.19;
T_1.18 ;
    %vpi_call 4 140 "$display", "At time %0t: CE Terminated Write Cycle, mem[%x] = %x", $stime, v0x556e1c4bf670_0, v0x556e1c51c170_0 {0 0 0};
T_1.19 ;
    %load/vec4 v0x556e1c51c170_0;
    %load/vec4 v0x556e1c4bf670_0;
    %pad/u 10;
    %ix/vec4 4;
    %store/vec4a v0x556e1c51c4b0, 4, 0;
T_1.20 ;
    %load/vec4 v0x556e1c4be010_0;
    %pushi/vec4 1, 0, 1;
    %cmp/e;
    %flag_get/vec4 4;
    %load/vec4 v0x556e1c51c570_0;
    %pushi/vec4 1, 0, 1;
    %cmp/e;
    %flag_get/vec4 4;
    %and;
    %cmpi/ne 1, 0, 1;
    %jmp/0xz T_1.21, 6;
    %wait E_0x556e1c4fbc80;
    %jmp T_1.20;
T_1.21 ;
    %jmp T_1.15;
T_1.14 ;
T_1.22 ;
    %load/vec4 v0x556e1c51c310_0;
    %pushi/vec4 0, 0, 1;
    %cmp/e;
    %flag_get/vec4 4;
    %cmpi/ne 1, 0, 1;
    %jmp/0xz T_1.23, 6;
    %wait E_0x556e1c4fbc40;
    %jmp T_1.22;
T_1.23 ;
    %pushi/vec4 1, 0, 1;
    %assign/vec4 v0x556e1c51c250_0, 0;
    %vpi_call 4 154 "$display", "At time %0t: READ mem[%x] = %x", $stime, v0x556e1c4c80b0_0, v0x556e1c51c3d0_0 {0 0 0};
T_1.24 ;
    %load/vec4 v0x556e1c51c310_0;
    %pushi/vec4 1, 0, 1;
    %cmp/e;
    %flag_get/vec4 4;
    %load/vec4 v0x556e1c4be010_0;
    %pushi/vec4 1, 0, 1;
    %cmp/e;
    %flag_get/vec4 4;
    %or;
    %cmpi/ne 1, 0, 1;
    %jmp/0xz T_1.25, 6;
    %wait E_0x556e1c4fbc00;
    %jmp T_1.24;
T_1.25 ;
    %pushi/vec4 0, 0, 1;
    %assign/vec4 v0x556e1c51c250_0, 0;
T_1.26 ;
    %load/vec4 v0x556e1c51c310_0;
    %pushi/vec4 1, 0, 1;
    %cmp/e;
    %flag_get/vec4 4;
    %load/vec4 v0x556e1c4be010_0;
    %pushi/vec4 1, 0, 1;
    %cmp/e;
    %flag_get/vec4 4;
    %and;
    %cmpi/ne 1, 0, 1;
    %jmp/0xz T_1.27, 6;
    %wait E_0x556e1c4fbc00;
    %jmp T_1.26;
T_1.27 ;
T_1.15 ;
T_1.3 ;
    %jmp T_1;
    .thread T_1;
    .scope S_0x556e1c4f21d0;
T_2 ;
    %wait E_0x556e1c4fb350;
    %load/vec4 v0x556e1c51d0b0_0;
    %cmpi/e 0, 0, 1;
    %jmp/0xz  T_2.0, 4;
    %pushi/vec4 0, 0, 8;
    %assign/vec4 v0x556e1c51cd50_0, 0;
    %pushi/vec4 0, 0, 8;
    %assign/vec4 v0x556e1c51ce10_0, 0;
    %pushi/vec4 0, 0, 8;
    %assign/vec4 v0x556e1c51cef0_0, 0;
    %pushi/vec4 0, 0, 8;
    %assign/vec4 v0x556e1c51cfd0_0, 0;
    %pushi/vec4 1, 0, 1;
    %assign/vec4 v0x556e1c51c890_0, 0;
    %pushi/vec4 1, 0, 1;
    %assign/vec4 v0x556e1c51ccb0_0, 0;
    %pushi/vec4 1, 0, 1;
    %assign/vec4 v0x556e1c51d170_0, 0;
    %pushi/vec4 0, 0, 1;
    %assign/vec4 v0x556e1c51c9d0_0, 0;
    %pushi/vec4 0, 0, 8;
    %assign/vec4 v0x556e1c51cbd0_0, 0;
    %pushi/vec4 0, 0, 8;
    %assign/vec4 v0x556e1c51c7d0_0, 0;
    %pushi/vec4 0, 0, 3;
    %assign/vec4 v0x556e1c51cb10_0, 0;
    %jmp T_2.1;
T_2.0 ;
    %load/vec4 v0x556e1c51cb10_0;
    %dup/vec4;
    %pushi/vec4 0, 0, 3;
    %cmp/u;
    %jmp/1 T_2.2, 6;
    %dup/vec4;
    %pushi/vec4 1, 0, 3;
    %cmp/u;
    %jmp/1 T_2.3, 6;
    %dup/vec4;
    %pushi/vec4 2, 0, 3;
    %cmp/u;
    %jmp/1 T_2.4, 6;
    %dup/vec4;
    %pushi/vec4 3, 0, 3;
    %cmp/u;
    %jmp/1 T_2.5, 6;
    %dup/vec4;
    %pushi/vec4 4, 0, 3;
    %cmp/u;
    %jmp/1 T_2.6, 6;
    %dup/vec4;
    %pushi/vec4 5, 0, 3;
    %cmp/u;
    %jmp/1 T_2.7, 6;
    %jmp T_2.8;
T_2.2 ;
    %pushi/vec4 0, 0, 1;
    %assign/vec4 v0x556e1c51c890_0, 0;
    %pushi/vec4 0, 0, 1;
    %assign/vec4 v0x556e1c51ccb0_0, 0;
    %pushi/vec4 1, 0, 1;
    %assign/vec4 v0x556e1c51d170_0, 0;
    %load/vec4 v0x556e1c51cfd0_0;
    %assign/vec4 v0x556e1c51c7d0_0, 0;
    %pushi/vec4 0, 0, 1;
    %assign/vec4 v0x556e1c51c9d0_0, 0;
    %pushi/vec4 1, 0, 3;
    %assign/vec4 v0x556e1c51cb10_0, 0;
    %jmp T_2.8;
T_2.3 ;
    %pushi/vec4 1, 0, 1;
    %assign/vec4 v0x556e1c51c890_0, 0;
    %pushi/vec4 1, 0, 1;
    %assign/vec4 v0x556e1c51ccb0_0, 0;
    %pushi/vec4 1, 0, 1;
    %assign/vec4 v0x556e1c51d170_0, 0;
    %load/vec4 v0x556e1c51cfd0_0;
    %assign/vec4 v0x556e1c51c7d0_0, 0;
    %pushi/vec4 0, 0, 1;
    %assign/vec4 v0x556e1c51c9d0_0, 0;
    %load/vec4 v0x556e1c51ca70_0;
    %assign/vec4 v0x556e1c51cbd0_0, 0;
    %load/vec4 v0x556e1c51cfd0_0;
    %addi 1, 0, 8;
    %assign/vec4 v0x556e1c51cfd0_0, 0;
    %pushi/vec4 2, 0, 3;
    %assign/vec4 v0x556e1c51cb10_0, 0;
    %jmp T_2.8;
T_2.4 ;
    %load/vec4 v0x556e1c51cfd0_0;
    %assign/vec4 v0x556e1c51c7d0_0, 0;
    %pushi/vec4 0, 0, 3;
    %assign/vec4 v0x556e1c51cb10_0, 0;
    %load/vec4 v0x556e1c51cbd0_0;
    %parti/s 4, 4, 4;
    %dup/vec4;
    %pushi/vec4 0, 0, 4;
    %cmp/u;
    %jmp/1 T_2.9, 6;
    %dup/vec4;
    %pushi/vec4 1, 0, 4;
    %cmp/u;
    %jmp/1 T_2.10, 6;
    %dup/vec4;
    %pushi/vec4 2, 0, 4;
    %cmp/u;
    %jmp/1 T_2.11, 6;
    %dup/vec4;
    %pushi/vec4 3, 0, 4;
    %cmp/u;
    %jmp/1 T_2.12, 6;
    %dup/vec4;
    %pushi/vec4 4, 0, 4;
    %cmp/u;
    %jmp/1 T_2.13, 6;
    %dup/vec4;
    %pushi/vec4 5, 0, 4;
    %cmp/u;
    %jmp/1 T_2.14, 6;
    %dup/vec4;
    %pushi/vec4 6, 0, 4;
    %cmp/u;
    %jmp/1 T_2.15, 6;
    %dup/vec4;
    %pushi/vec4 8, 0, 4;
    %cmp/u;
    %jmp/1 T_2.16, 6;
    %dup/vec4;
    %pushi/vec4 9, 0, 4;
    %cmp/u;
    %jmp/1 T_2.17, 6;
    %dup/vec4;
    %pushi/vec4 10, 0, 4;
    %cmp/u;
    %jmp/1 T_2.18, 6;
    %dup/vec4;
    %pushi/vec4 11, 0, 4;
    %cmp/u;
    %jmp/1 T_2.19, 6;
    %dup/vec4;
    %pushi/vec4 12, 0, 4;
    %cmp/u;
    %jmp/1 T_2.20, 6;
    %dup/vec4;
    %pushi/vec4 13, 0, 4;
    %cmp/u;
    %jmp/1 T_2.21, 6;
    %dup/vec4;
    %pushi/vec4 14, 0, 4;
    %cmp/u;
    %jmp/1 T_2.22, 6;
    %dup/vec4;
    %pushi/vec4 15, 0, 4;
    %cmp/u;
    %jmp/1 T_2.23, 6;
    %jmp T_2.24;
T_2.9 ;
    %load/vec4 v0x556e1c51cd50_0;
    %load/vec4 v0x556e1c51ce10_0;
    %and;
    %assign/vec4 v0x556e1c51cd50_0, 0;
    %jmp T_2.24;
T_2.10 ;
    %load/vec4 v0x556e1c51cd50_0;
    %load/vec4 v0x556e1c51ce10_0;
    %or;
    %assign/vec4 v0x556e1c51cd50_0, 0;
    %jmp T_2.24;
T_2.11 ;
    %load/vec4 v0x556e1c51cd50_0;
    %inv;
    %assign/vec4 v0x556e1c51cd50_0, 0;
    %jmp T_2.24;
T_2.12 ;
    %load/vec4 v0x556e1c51cd50_0;
    %load/vec4 v0x556e1c51ce10_0;
    %add;
    %assign/vec4 v0x556e1c51cd50_0, 0;
    %jmp T_2.24;
T_2.13 ;
    %load/vec4 v0x556e1c51cd50_0;
    %parti/s 4, 0, 2;
    %load/vec4 v0x556e1c51cbd0_0;
    %parti/s 4, 0, 2;
    %concat/vec4; draw_concat_vec4
    %assign/vec4 v0x556e1c51cd50_0, 0;
    %jmp T_2.24;
T_2.14 ;
    %pushi/vec4 0, 0, 1;
    %assign/vec4 v0x556e1c51c890_0, 0;
    %pushi/vec4 0, 0, 1;
    %assign/vec4 v0x556e1c51ccb0_0, 0;
    %pushi/vec4 1, 0, 1;
    %assign/vec4 v0x556e1c51d170_0, 0;
    %pushi/vec4 0, 0, 1;
    %assign/vec4 v0x556e1c51c9d0_0, 0;
    %load/vec4 v0x556e1c51cef0_0;
    %assign/vec4 v0x556e1c51c7d0_0, 0;
    %pushi/vec4 3, 0, 3;
    %assign/vec4 v0x556e1c51cb10_0, 0;
    %jmp T_2.24;
T_2.15 ;
    %pushi/vec4 1, 0, 1;
    %assign/vec4 v0x556e1c51c890_0, 0;
    %pushi/vec4 1, 0, 1;
    %assign/vec4 v0x556e1c51ccb0_0, 0;
    %pushi/vec4 1, 0, 1;
    %assign/vec4 v0x556e1c51d170_0, 0;
    %pushi/vec4 1, 0, 1;
    %assign/vec4 v0x556e1c51c9d0_0, 0;
    %load/vec4 v0x556e1c51cef0_0;
    %assign/vec4 v0x556e1c51c7d0_0, 0;
    %pushi/vec4 3, 0, 3;
    %assign/vec4 v0x556e1c51cb10_0, 0;
    %jmp T_2.24;
T_2.16 ;
    %load/vec4 v0x556e1c51ce10_0;
    %assign/vec4 v0x556e1c51cd50_0, 0;
    %load/vec4 v0x556e1c51cd50_0;
    %assign/vec4 v0x556e1c51ce10_0, 0;
    %jmp T_2.24;
T_2.17 ;
    %load/vec4 v0x556e1c51cef0_0;
    %assign/vec4 v0x556e1c51ce10_0, 0;
    %load/vec4 v0x556e1c51ce10_0;
    %assign/vec4 v0x556e1c51cef0_0, 0;
    %jmp T_2.24;
T_2.18 ;
    %load/vec4 v0x556e1c51cfd0_0;
    %assign/vec4 v0x556e1c51cd50_0, 0;
    %jmp T_2.24;
T_2.19 ;
    %load/vec4 v0x556e1c51cd50_0;
    %assign/vec4 v0x556e1c51cef0_0, 0;
    %jmp T_2.24;
T_2.20 ;
    %load/vec4 v0x556e1c51cef0_0;
    %assign/vec4 v0x556e1c51cfd0_0, 0;
    %jmp T_2.24;
T_2.21 ;
    %load/vec4 v0x556e1c51cd50_0;
    %load/vec4 v0x556e1c51ce10_0;
    %cmp/e;
    %jmp/0xz  T_2.25, 4;
    %load/vec4 v0x556e1c51cef0_0;
    %assign/vec4 v0x556e1c51cfd0_0, 0;
T_2.25 ;
    %jmp T_2.24;
T_2.22 ;
    %load/vec4 v0x556e1c51cd50_0;
    %load/vec4 v0x556e1c51ce10_0;
    %cmp/u;
    %jmp/0xz  T_2.27, 5;
    %load/vec4 v0x556e1c51cef0_0;
    %assign/vec4 v0x556e1c51cfd0_0, 0;
T_2.27 ;
    %jmp T_2.24;
T_2.23 ;
    %load/vec4 v0x556e1c51ce10_0;
    %load/vec4 v0x556e1c51cd50_0;
    %cmp/u;
    %jmp/0xz  T_2.29, 5;
    %load/vec4 v0x556e1c51cef0_0;
    %assign/vec4 v0x556e1c51cfd0_0, 0;
T_2.29 ;
    %jmp T_2.24;
T_2.24 ;
    %pop/vec4 1;
    %jmp T_2.8;
T_2.5 ;
    %load/vec4 v0x556e1c51c9d0_0;
    %cmpi/e 0, 0, 1;
    %jmp/0xz  T_2.31, 4;
    %load/vec4 v0x556e1c51ca70_0;
    %assign/vec4 v0x556e1c51cd50_0, 0;
    %load/vec4 v0x556e1c51cfd0_0;
    %assign/vec4 v0x556e1c51c7d0_0, 0;
    %pushi/vec4 0, 0, 3;
    %assign/vec4 v0x556e1c51cb10_0, 0;
    %jmp T_2.32;
T_2.31 ;
    %pushi/vec4 0, 0, 1;
    %assign/vec4 v0x556e1c51c890_0, 0;
    %pushi/vec4 1, 0, 1;
    %assign/vec4 v0x556e1c51ccb0_0, 0;
    %pushi/vec4 0, 0, 1;
    %assign/vec4 v0x556e1c51d170_0, 0;
    %pushi/vec4 4, 0, 3;
    %assign/vec4 v0x556e1c51cb10_0, 0;
T_2.32 ;
    %jmp T_2.8;
T_2.6 ;
    %pushi/vec4 1, 0, 1;
    %assign/vec4 v0x556e1c51c890_0, 0;
    %pushi/vec4 1, 0, 1;
    %assign/vec4 v0x556e1c51d170_0, 0;
    %pushi/vec4 5, 0, 3;
    %assign/vec4 v0x556e1c51cb10_0, 0;
    %jmp T_2.8;
T_2.7 ;
    %load/vec4 v0x556e1c51cfd0_0;
    %assign/vec4 v0x556e1c51c7d0_0, 0;
    %pushi/vec4 0, 0, 1;
    %assign/vec4 v0x556e1c51c9d0_0, 0;
    %pushi/vec4 0, 0, 3;
    %assign/vec4 v0x556e1c51cb10_0, 0;
    %jmp T_2.8;
T_2.8 ;
    %pop/vec4 1;
T_2.1 ;
    %jmp T_2;
    .thread T_2;
    .scope S_0x556e1c4f2040;
T_3 ;
    %vpi_call 2 28 "$dumpfile", "model_dump.vcd" {0 0 0};
    %vpi_call 2 29 "$dumpvars" {0 0 0};
    %pushi/vec4 0, 0, 1;
    %assign/vec4 v0x556e1c51d250_0, 0;
    %pushi/vec4 0, 0, 1;
    %assign/vec4 v0x556e1c51d320_0, 0;
    %delay 10, 0;
    %pushi/vec4 1, 0, 1;
    %assign/vec4 v0x556e1c51d320_0, 0;
    %end;
    .thread T_3;
    .scope S_0x556e1c4f2040;
T_4 ;
    %delay 5, 0;
    %pushi/vec4 1, 0, 1;
    %assign/vec4 v0x556e1c51d250_0, 0;
    %delay 5, 0;
    %pushi/vec4 0, 0, 1;
    %assign/vec4 v0x556e1c51d250_0, 0;
    %jmp T_4;
    .thread T_4;
    .scope S_0x556e1c4f2040;
T_5 ;
    %wait E_0x556e1c4fb230;
    %load/vec4 v0x556e1c51cb10_0;
    %pushi/vec4 2, 0, 3;
    %cmp/e;
    %flag_get/vec4 4;
    %load/vec4 v0x556e1c51cbd0_0;
    %parti/s 2, 6, 4;
    %pushi/vec4 3, 0, 2;
    %cmp/e;
    %flag_get/vec4 4;
    %and;
    %load/vec4 v0x556e1c51cfd0_0;
    %pad/u 32;
    %subi 1, 0, 32;
    %load/vec4 v0x556e1c51cef0_0;
    %pad/u 32;
    %cmp/e;
    %flag_get/vec4 4;
    %and;
    %load/vec4 v0x556e1c51d320_0;
    %pushi/vec4 1, 0, 1;
    %cmp/e;
    %flag_get/vec4 4;
    %and;
    %flag_set/vec4 8;
    %jmp/0xz  T_5.0, 8;
    %vpi_call 2 51 "$display", "Detected forever loop, halting CPU." {0 0 0};
    %vpi_call 2 52 "$finish" {0 0 0};
T_5.0 ;
    %load/vec4 v0x556e1c51cb10_0;
    %pushi/vec4 0, 0, 3;
    %cmp/e;
    %flag_get/vec4 4;
    %load/vec4 v0x556e1c51d320_0;
    %pushi/vec4 1, 0, 1;
    %cmp/e;
    %flag_get/vec4 4;
    %and;
    %flag_set/vec4 8;
    %jmp/0xz  T_5.2, 8;
    %vpi_call 2 56 "$display", "A = %x, B = %x, M = %x, P = %x", v0x556e1c51cd50_0, v0x556e1c51ce10_0, v0x556e1c51cef0_0, v0x556e1c51cfd0_0 {0 0 0};
T_5.2 ;
    %jmp T_5;
    .thread T_5;
# The file index is used to find the file name in the following table.
:file_names 5;
    "N/A";
    "<interactive>";
    "../test/tinycpu_test.v";
    "../model/tinycpu.v";
    "../sim/sram.v";
