A = 00, B = 00, M = 00, P = 00
A = 00, B = 00, M = 00, P = 01
A = 02, B = 00, M = 00, P = 02
A = 00, B = 02, M = 00, P = 03
A = 04, B = 02, M = 00, P = 04
A = 06, B = 02, M = 00, P = 05
A = 06, B = 02, M = 06, P = 06
A = 02, B = 06, M = 06, P = 07
A = 20, B = 06, M = 06, P = 08
A = 01, B = 06, M = 06, P = 09
A = 06, B = 01, M = 06, P = 0a
A = 07, B = 01, M = 06, P = 0b
A = 07, B = 01, M = 06, P = 06
A = 01, B = 07, M = 06, P = 07
A = 10, B = 07, M = 06, P = 08
A = 01, B = 07, M = 06, P = 09
A = 07, B = 01, M = 06, P = 0a
A = 08, B = 01, M = 06, P = 0b
A = 08, B = 01, M = 06, P = 06
A = 01, B = 08, M = 06, P = 07
A = 10, B = 08, M = 06, P = 08
A = 01, B = 08, M = 06, P = 09
A = 08, B = 01, M = 06, P = 0a
A = 09, B = 01, M = 06, P = 0b
A = 09, B = 01, M = 06, P = 06
A = 01, B = 09, M = 06, P = 07
A = 10, B = 09, M = 06, P = 08
A = 01, B = 09, M = 06, P = 09
A = 09, B = 01, M = 06, P = 0a
A = 0a, B = 01, M = 06, P = 0b
A = 0a, B = 01, M = 06, P = 06
A = 01, B = 0a, M = 06, P = 07
A = 10, B = 0a, M = 06, P = 08
A = 01, B = 0a, M = 06, P = 09
A = 0a, B = 01, M = 06, P = 0a
A = 0b, B = 01, M = 06, P = 0b
A = 0b, B = 01, M = 06, P = 06
A = 01, B = 0b, M = 06, P = 07
A = 10, B = 0b, M = 06, P = 08
A = 01, B = 0b, M = 06, P = 09
A = 0b, B = 01, M = 06, P = 0a
A = 0c, B = 01, M = 06, P = 0b
A = 0c, B = 01, M = 06, P = 06
A = 01, B = 0c, M = 06, P = 07
A = 10, B = 0c, M = 06, P = 08
A = 01, B = 0c, M = 06, P = 09
A = 0c, B = 01, M = 06, P = 0a
A = 0d, B = 01, M = 06, P = 0b
A = 0d, B = 01, M = 06, P = 06
A = 01, B = 0d, M = 06, P = 07
A = 10, B = 0d, M = 06, P = 08
A = 01, B = 0d, M = 06, P = 09
A = 0d, B = 01, M = 06, P = 0a
A = 0e, B = 01, M = 06, P = 0b
A = 0e, B = 01, M = 06, P = 06
A = 01, B = 0e, M = 06, P = 07
A = 10, B = 0e, M = 06, P = 08
A = 01, B = 0e, M = 06, P = 09
A = 0e, B = 01, M = 06, P = 0a
A = 0f, B = 01, M = 06, P = 0b
A = 0f, B = 01, M = 06, P = 06
A = 01, B = 0f, M = 06, P = 07
A = 10, B = 0f, M = 06, P = 08
A = 01, B = 0f, M = 06, P = 09
A = 0f, B = 01, M = 06, P = 0a
A = 10, B = 01, M = 06, P = 0b
A = 10, B = 01, M = 06, P = 06
A = 01, B = 10, M = 06, P = 07
A = 10, B = 10, M = 06, P = 08
A = 01, B = 10, M = 06, P = 09
A = 10, B = 01, M = 06, P = 0a
A = 11, B = 01, M = 06, P = 0b
A = 11, B = 01, M = 06, P = 06
A = 01, B = 11, M = 06, P = 07
A = 10, B = 11, M = 06, P = 08
A = 01, B = 11, M = 06, P = 09
A = 11, B = 01, M = 06, P = 0a
A = 12, B = 01, M = 06, P = 0b
A = 12, B = 01, M = 06, P = 06
A = 01, B = 12, M = 06, P = 07
A = 10, B = 12, M = 06, P = 08
A = 01, B = 12, M = 06, P = 09
A = 12, B = 01, M = 06, P = 0a
A = 13, B = 01, M = 06, P = 0b
A = 13, B = 01, M = 06, P = 06
A = 01, B = 13, M = 06, P = 07
A = 10, B = 13, M = 06, P = 08
A = 01, B = 13, M = 06, P = 09
A = 13, B = 01, M = 06, P = 0a
A = 14, B = 01, M = 06, P = 0b
A = 14, B = 01, M = 06, P = 06
A = 01, B = 14, M = 06, P = 07
A = 10, B = 14, M = 06, P = 08
A = 01, B = 14, M = 06, P = 09
A = 14, B = 01, M = 06, P = 0a
A = 15, B = 01, M = 06, P = 0b
A = 15, B = 01, M = 06, P = 06
A = 01, B = 15, M = 06, P = 07
A = 10, B = 15, M = 06, P = 08
A = 01, B = 15, M = 06, P = 09
A = 15, B = 01, M = 06, P = 0a
A = 16, B = 01, M = 06, P = 0b
A = 16, B = 01, M = 06, P = 06
A = 01, B = 16, M = 06, P = 07
A = 10, B = 16, M = 06, P = 08
A = 01, B = 16, M = 06, P = 09
A = 16, B = 01, M = 06, P = 0a
A = 17, B = 01, M = 06, P = 0b
A = 17, B = 01, M = 06, P = 06
A = 01, B = 17, M = 06, P = 07
A = 10, B = 17, M = 06, P = 08
A = 01, B = 17, M = 06, P = 09
A = 17, B = 01, M = 06, P = 0a
A = 18, B = 01, M = 06, P = 0b
A = 18, B = 01, M = 06, P = 06
A = 01, B = 18, M = 06, P = 07
A = 10, B = 18, M = 06, P = 08
A = 01, B = 18, M = 06, P = 09
A = 18, B = 01, M = 06, P = 0a
A = 19, B = 01, M = 06, P = 0b
A = 19, B = 01, M = 06, P = 06
A = 01, B = 19, M = 06, P = 07
A = 10, B = 19, M = 06, P = 08
A = 01, B = 19, M = 06, P = 09
A = 19, B = 01, M = 06, P = 0a
A = 1a, B = 01, M = 06, P = 0b
A = 1a, B = 01, M = 06, P = 06
A = 01, B = 1a, M = 06, P = 07
A = 10, B = 1a, M = 06, P = 08
A = 01, B = 1a, M = 06, P = 09
A = 1a, B = 01, M = 06, P = 0a
A = 1b, B = 01, M = 06, P = 0b
A = 1b, B = 01, M = 06, P = 06
A = 01, B = 1b, M = 06, P = 07
A = 10, B = 1b, M = 06, P = 08
A = 01, B = 1b, M = 06, P = 09
A = 1b, B = 01, M = 06, P = 0a
A = 1c, B = 01, M = 06, P = 0b
A = 1c, B = 01, M = 06, P = 06
A = 01, B = 1c, M = 06, P = 07
A = 10, B = 1c, M = 06, P = 08
A = 01, B = 1c, M = 06, P = 09
A = 1c, B = 01, M = 06, P = 0a
A = 1d, B = 01, M = 06, P = 0b
A = 1d, B = 01, M = 06, P = 06
A = 01, B = 1d, M = 06, P = 07
A = 10, B = 1d, M = 06, P = 08
A = 01, B = 1d, M = 06, P = 09
A = 1d, B = 01, M = 06, P = 0a
A = 1e, B = 01, M = 06, P = 0b
A = 1e, B = 01, M = 06, P = 06
A = 01, B = 1e, M = 06, P = 07
A = 10, B = 1e, M = 06, P = 08
A = 01, B = 1e, M = 06, P = 09
A = 1e, B = 01, M = 06, P = 0a
A = 1f, B = 01, M = 06, P = 0b
A = 1f, B = 01, M = 06, P = 06
A = 01, B = 1f, M = 06, P = 07
A = 10, B = 1f, M = 06, P = 08
A = 01, B = 1f, M = 06, P = 09
A = 1f, B = 01, M = 06, P = 0a
A = 20, B = 01, M = 06, P = 0b
A = 20, B = 01, M = 06, P = 06
A = 01, B = 20, M = 06, P = 07
A = 10, B = 20, M = 06, P = 08
A = 01, B = 20, M = 06, P = 09
A = 20, B = 01, M = 06, P = 0a
A = 21, B = 01, M = 06, P = 0b
A = 21, B = 01, M = 06, P = 06
A = 01, B = 21, M = 06, P = 07
A = 10, B = 21, M = 06, P = 08
A = 01, B = 21, M = 06, P = 09
A = 21, B = 01, M = 06, P = 0a
A = 22, B = 01, M = 06, P = 0b
A = 22, B = 01, M = 06, P = 06
A = 01, B = 22, M = 06, P = 07
A = 10, B = 22, M = 06, P = 08
A = 01, B = 22, M = 06, P = 09
A = 22, B = 01, M = 06, P = 0a
A = 23, B = 01, M = 06, P = 0b
A = 23, B = 01, M = 06, P = 06
A = 01, B = 23, M = 06, P = 07
A = 10, B = 23, M = 06, P = 08
A = 01, B = 23, M = 06, P = 09
A = 23, B = 01, M = 06, P = 0a
A = 24, B = 01, M = 06, P = 0b
A = 24, B = 01, M = 06, P = 06
A = 01, B = 24, M = 06, P = 07
A = 10, B = 24, M = 06, P = 08
A = 01, B = 24, M = 06, P = 09
A = 24, B = 01, M = 06, P = 0a
A = 25, B = 01, M = 06, P = 0b
A = 25, B = 01, M = 06, P = 06
A = 01, B = 25, M = 06, P = 07
A = 10, B = 25, M = 06, P = 08
A = 01, B = 25, M = 06, P = 09
A = 25, B = 01, M = 06, P = 0a
A = 26, B = 01, M = 06, P = 0b
A = 26, B = 01, M = 06, P = 06
A = 01, B = 26, M = 06, P = 07
A = 10, B = 26, M = 06, P = 08
A = 01, B = 26, M = 06, P = 09
A = 26, B = 01, M = 06, P = 0a
A = 27, B = 01, M = 06, P = 0b
A = 27, B = 01, M = 06, P = 06
A = 01, B = 27, M = 06, P = 07
A = 10, B = 27, M = 06, P = 08
A = 01, B = 27, M = 06, P = 09
A = 27, B = 01, M = 06, P = 0a
A = 28, B = 01, M = 06, P = 0b
A = 28, B = 01, M = 06, P = 06
A = 01, B = 28, M = 06, P = 07
A = 10, B = 28, M = 06, P = 08
A = 01, B = 28, M = 06, P = 09
A = 28, B = 01, M = 06, P = 0a
A = 29, B = 01, M = 06, P = 0b
A = 29, B = 01, M = 06, P = 06
A = 01, B = 29, M = 06, P = 07
A = 10, B = 29, M = 06, P = 08
A = 01, B = 29, M = 06, P = 09
A = 29, B = 01, M = 06, P = 0a
A = 2a, B = 01, M = 06, P = 0b
A = 2a, B = 01, M = 06, P = 06
A = 01, B = 2a, M = 06, P = 07
A = 10, B = 2a, M = 06, P = 08
A = 01, B = 2a, M = 06, P = 09
A = 2a, B = 01, M = 06, P = 0a
A = 2b, B = 01, M = 06, P = 0b
A = 2b, B = 01, M = 06, P = 06
A = 01, B = 2b, M = 06, P = 07
A = 10, B = 2b, M = 06, P = 08
A = 01, B = 2b, M = 06, P = 09
A = 2b, B = 01, M = 06, P = 0a
A = 2c, B = 01, M = 06, P = 0b
A = 2c, B = 01, M = 06, P = 06
A = 01, B = 2c, M = 06, P = 07
A = 10, B = 2c, M = 06, P = 08
A = 01, B = 2c, M = 06, P = 09
A = 2c, B = 01, M = 06, P = 0a
A = 2d, B = 01, M = 06, P = 0b
A = 2d, B = 01, M = 06, P = 06
A = 01, B = 2d, M = 06, P = 07
A = 10, B = 2d, M = 06, P = 08
A = 01, B = 2d, M = 06, P = 09
A = 2d, B = 01, M = 06, P = 0a
A = 2e, B = 01, M = 06, P = 0b
A = 2e, B = 01, M = 06, P = 06
A = 01, B = 2e, M = 06, P = 07
A = 10, B = 2e, M = 06, P = 08
A = 01, B = 2e, M = 06, P = 09
A = 2e, B = 01, M = 06, P = 0a
A = 2f, B = 01, M = 06, P = 0b
A = 2f, B = 01, M = 06, P = 06
A = 01, B = 2f, M = 06, P = 07
A = 10, B = 2f, M = 06, P = 08
A = 01, B = 2f, M = 06, P = 09
A = 2f, B = 01, M = 06, P = 0a
A = 30, B = 01, M = 06, P = 0b
A = 30, B = 01, M = 06, P = 06
A = 01, B = 30, M = 06, P = 07
A = 10, B = 30, M = 06, P = 08
A = 01, B = 30, M = 06, P = 09
A = 30, B = 01, M = 06, P = 0a
A = 31, B = 01, M = 06, P = 0b
A = 31, B = 01, M = 06, P = 06
A = 01, B = 31, M = 06, P = 07
A = 10, B = 31, M = 06, P = 08
A = 01, B = 31, M = 06, P = 09
A = 31, B = 01, M = 06, P = 0a
A = 32, B = 01, M = 06, P = 0b
A = 32, B = 01, M = 06, P = 06
A = 01, B = 32, M = 06, P = 07
A = 10, B = 32, M = 06, P = 08
A = 01, B = 32, M = 06, P = 09
A = 32, B = 01, M = 06, P = 0a
A = 33, B = 01, M = 06, P = 0b
A = 33, B = 01, M = 06, P = 06
A = 01, B = 33, M = 06, P = 07
A = 10, B = 33, M = 06, P = 08
A = 01, B = 33, M = 06, P = 09
A = 33, B = 01, M = 06, P = 0a
A = 34, B = 01, M = 06, P = 0b
A = 34, B = 01, M = 06, P = 06
A = 01, B = 34, M = 06, P = 07
A = 10, B = 34, M = 06, P = 08
A = 01, B = 34, M = 06, P = 09
A = 34, B = 01, M = 06, P = 0a
A = 35, B = 01, M = 06, P = 0b
A = 35, B = 01, M = 06, P = 06
A = 01, B = 35, M = 06, P = 07
A = 10, B = 35, M = 06, P = 08
A = 01, B = 35, M = 06, P = 09
A = 35, B = 01, M = 06, P = 0a
A = 36, B = 01, M = 06, P = 0b
A = 36, B = 01, M = 06, P = 06
A = 01, B = 36, M = 06, P = 07
A = 10, B = 36, M = 06, P = 08
A = 01, B = 36, M = 06, P = 09
A = 36, B = 01, M = 06, P = 0a
A = 37, B = 01, M = 06, P = 0b
A = 37, B = 01, M = 06, P = 06
A = 01, B = 37, M = 06, P = 07
A = 10, B = 37, M = 06, P = 08
A = 01, B = 37, M = 06, P = 09
A = 37, B = 01, M = 06, P = 0a
A = 38, B = 01, M = 06, P = 0b
A = 38, B = 01, M = 06, P = 06
A = 01, B = 38, M = 06, P = 07
A = 10, B = 38, M = 06, P = 08
A = 01, B = 38, M = 06, P = 09
A = 38, B = 01, M = 06, P = 0a
A = 39, B = 01, M = 06, P = 0b
A = 39, B = 01, M = 06, P = 06
A = 01, B = 39, M = 06, P = 07
A = 10, B = 39, M = 06, P = 08
A = 01, B = 39, M = 06, P = 09
A = 39, B = 01, M = 06, P = 0a
A = 3a, B = 01, M = 06, P = 0b
A = 3a, B = 01, M = 06, P = 06
A = 01, B = 3a, M = 06, P = 07
A = 10, B = 3a, M = 06, P = 08
A = 01, B = 3a, M = 06, P = 09
A = 3a, B = 01, M = 06, P = 0a
A = 3b, B = 01, M = 06, P = 0b
A = 3b, B = 01, M = 06, P = 06
A = 01, B = 3b, M = 06, P = 07
A = 10, B = 3b, M = 06, P = 08
A = 01, B = 3b, M = 06, P = 09
A = 3b, B = 01, M = 06, P = 0a
A = 3c, B = 01, M = 06, P = 0b
A = 3c, B = 01, M = 06, P = 06
A = 01, B = 3c, M = 06, P = 07
A = 10, B = 3c, M = 06, P = 08
A = 01, B = 3c, M = 06, P = 09
A = 3c, B = 01, M = 06, P = 0a
A = 3d, B = 01, M = 06, P = 0b
A = 3d, B = 01, M = 06, P = 06
A = 01, B = 3d, M = 06, P = 07
A = 10, B = 3d, M = 06, P = 08
A = 01, B = 3d, M = 06, P = 09
A = 3d, B = 01, M = 06, P = 0a
A = 3e, B = 01, M = 06, P = 0b
A = 3e, B = 01, M = 06, P = 06
A = 01, B = 3e, M = 06, P = 07
A = 10, B = 3e, M = 06, P = 08
A = 01, B = 3e, M = 06, P = 09
A = 3e, B = 01, M = 06, P = 0a
A = 3f, B = 01, M = 06, P = 0b
A = 3f, B = 01, M = 06, P = 06
A = 01, B = 3f, M = 06, P = 07
A = 10, B = 3f, M = 06, P = 08
A = 01, B = 3f, M = 06, P = 09
A = 3f, B = 01, M = 06, P = 0a
A = 40, B = 01, M = 06, P = 0b
A = 40, B = 01, M = 06, P = 06
A = 01, B = 40, M = 06, P = 07
A = 10, B = 40, M = 06, P = 08
A = 01, B = 40, M = 06, P = 09
A = 40, B = 01, M = 06, P = 0a
A = 41, B = 01, M = 06, P = 0b
A = 41, B = 01, M = 06, P = 06
A = 01, B = 41, M = 06, P = 07
A = 10, B = 41, M = 06, P = 08
A = 01, B = 41, M = 06, P = 09
A = 41, B = 01, M = 06, P = 0a
A = 42, B = 01, M = 06, P = 0b
A = 42, B = 01, M = 06, P = 06
A = 01, B = 42, M = 06, P = 07
A = 10, B = 42, M = 06, P = 08
A = 01, B = 42, M = 06, P = 09
A = 42, B = 01, M = 06, P = 0a
A = 43, B = 01, M = 06, P = 0b
A = 43, B = 01, M = 06, P = 06
A = 01, B = 43, M = 06, P = 07
A = 10, B = 43, M = 06, P = 08
A = 01, B = 43, M = 06, P = 09
A = 43, B = 01, M = 06, P = 0a
A = 44, B = 01, M = 06, P = 0b
A = 44, B = 01, M = 06, P = 06
A = 01, B = 44, M = 06, P = 07
A = 10, B = 44, M = 06, P = 08
A = 01, B = 44, M = 06, P = 09
A = 44, B = 01, M = 06, P = 0a
A = 45, B = 01, M = 06, P = 0b
A = 45, B = 01, M = 06, P = 06
A = 01, B = 45, M = 06, P = 07
A = 10, B = 45, M = 06, P = 08
A = 01, B = 45, M = 06, P = 09
A = 45, B = 01, M = 06, P = 0a
A = 46, B = 01, M = 06, P = 0b
A = 46, B = 01, M = 06, P = 06
A = 01, B = 46, M = 06, P = 07
A = 10, B = 46, M = 06, P = 08
A = 01, B = 46, M = 06, P = 09
A = 46, B = 01, M = 06, P = 0a
A = 47, B = 01, M = 06, P = 0b
A = 47, B = 01, M = 06, P = 06
A = 01, B = 47, M = 06, P = 07
A = 10, B = 47, M = 06, P = 08
A = 01, B = 47, M = 06, P = 09
A = 47, B = 01, M = 06, P = 0a
A = 48, B = 01, M = 06, P = 0b
A = 48, B = 01, M = 06, P = 06
A = 01, B = 48, M = 06, P = 07
A = 10, B = 48, M = 06, P = 08
A = 01, B = 48, M = 06, P = 09
A = 48, B = 01, M = 06, P = 0a
A = 49, B = 01, M = 06, P = 0b
A = 49, B = 01, M = 06, P = 06
A = 01, B = 49, M = 06, P = 07
A = 10, B = 49, M = 06, P = 08
A = 01, B = 49, M = 06, P = 09
A = 49, B = 01, M = 06, P = 0a
A = 4a, B = 01, M = 06, P = 0b
A = 4a, B = 01, M = 06, P = 06
A = 01, B = 4a, M = 06, P = 07
A = 10, B = 4a, M = 06, P = 08
A = 01, B = 4a, M = 06, P = 09
A = 4a, B = 01, M = 06, P = 0a
A = 4b, B = 01, M = 06, P = 0b
A = 4b, B = 01, M = 06, P = 06
A = 01, B = 4b, M = 06, P = 07
A = 10, B = 4b, M = 06, P = 08
A = 01, B = 4b, M = 06, P = 09
A = 4b, B = 01, M = 06, P = 0a
A = 4c, B = 01, M = 06, P = 0b
A = 4c, B = 01, M = 06, P = 06
A = 01, B = 4c, M = 06, P = 07
A = 10, B = 4c, M = 06, P = 08
A = 01, B = 4c, M = 06, P = 09
A = 4c, B = 01, M = 06, P = 0a
A = 4d, B = 01, M = 06, P = 0b
A = 4d, B = 01, M = 06, P = 06
A = 01, B = 4d, M = 06, P = 07
A = 10, B = 4d, M = 06, P = 08
A = 01, B = 4d, M = 06, P = 09
A = 4d, B = 01, M = 06, P = 0a
A = 4e, B = 01, M = 06, P = 0b
A = 4e, B = 01, M = 06, P = 06
A = 01, B = 4e, M = 06, P = 07
A = 10, B = 4e, M = 06, P = 08
A = 01, B = 4e, M = 06, P = 09
A = 4e, B = 01, M = 06, P = 0a
A = 4f, B = 01, M = 06, P = 0b
A = 4f, B = 01, M = 06, P = 06
A = 01, B = 4f, M = 06, P = 07
A = 10, B = 4f, M = 06, P = 08
A = 01, B = 4f, M = 06, P = 09
A = 4f, B = 01, M = 06, P = 0a
A = 50, B = 01, M = 06, P = 0b
A = 50, B = 01, M = 06, P = 06
A = 01, B = 50, M = 06, P = 07
A = 10, B = 50, M = 06, P = 08
A = 01, B = 50, M = 06, P = 09
A = 50, B = 01, M = 06, P = 0a
A = 51, B = 01, M = 06, P = 0b
A = 51, B = 01, M = 06, P = 06
A = 01, B = 51, M = 06, P = 07
A = 10, B = 51, M = 06, P = 08
A = 01, B = 51, M = 06, P = 09
A = 51, B = 01, M = 06, P = 0a
A = 52, B = 01, M = 06, P = 0b
A = 52, B = 01, M = 06, P = 06
A = 01, B = 52, M = 06, P = 07
A = 10, B = 52, M = 06, P = 08
A = 01, B = 52, M = 06, P = 09
A = 52, B = 01, M = 06, P = 0a
A = 53, B = 01, M = 06, P = 0b
A = 53, B = 01, M = 06, P = 06
A = 01, B = 53, M = 06, P = 07
A = 10, B = 53, M = 06, P = 08
A = 01, B = 53, M = 06, P = 09
A = 53, B = 01, M = 06, P = 0a
A = 54, B = 01, M = 06, P = 0b
A = 54, B = 01, M = 06, P = 06
A = 01, B = 54, M = 06, P = 07
A = 10, B = 54, M = 06, P = 08
A = 01, B = 54, M = 06, P = 09
A = 54, B = 01, M = 06, P = 0a
A = 55, B = 01, M = 06, P = 0b
A = 55, B = 01, M = 06, P = 06
A = 01, B = 55, M = 06, P = 07
A = 10, B = 55, M = 06, P = 08
A = 01, B = 55, M = 06, P = 09
A = 55, B = 01, M = 06, P = 0a
A = 56, B = 01, M = 06, P = 0b
A = 56, B = 01, M = 06, P = 06
A = 01, B = 56, M = 06, P = 07
A = 10, B = 56, M = 06, P = 08
A = 01, B = 56, M = 06, P = 09
A = 56, B = 01, M = 06, P = 0a
A = 57, B = 01, M = 06, P = 0b
A = 57, B = 01, M = 06, P = 06
A = 01, B = 57, M = 06, P = 07
A = 10, B = 57, M = 06, P = 08
A = 01, B = 57, M = 06, P = 09
A = 57, B = 01, M = 06, P = 0a
A = 58, B = 01, M = 06, P = 0b
A = 58, B = 01, M = 06, P = 06
A = 01, B = 58, M = 06, P = 07
A = 10, B = 58, M = 06, P = 08
A = 01, B = 58, M = 06, P = 09
A = 58, B = 01, M = 06, P = 0a
A = 59, B = 01, M = 06, P = 0b
A = 59, B = 01, M = 06, P = 06
A = 01, B = 59, M = 06, P = 07
A = 10, B = 59, M = 06, P = 08
A = 01, B = 59, M = 06, P = 09
A = 59, B = 01, M = 06, P = 0a
A = 5a, B = 01, M = 06, P = 0b
A = 5a, B = 01, M = 06, P = 06
A = 01, B = 5a, M = 06, P = 07
A = 10, B = 5a, M = 06, P = 08
A = 01, B = 5a, M = 06, P = 09
A = 5a, B = 01, M = 06, P = 0a
A = 5b, B = 01, M = 06, P = 0b
A = 5b, B = 01, M = 06, P = 06
A = 01, B = 5b, M = 06, P = 07
A = 10, B = 5b, M = 06, P = 08
A = 01, B = 5b, M = 06, P = 09
A = 5b, B = 01, M = 06, P = 0a
A = 5c, B = 01, M = 06, P = 0b
A = 5c, B = 01, M = 06, P = 06
A = 01, B = 5c, M = 06, P = 07
A = 10, B = 5c, M = 06, P = 08
A = 01, B = 5c, M = 06, P = 09
A = 5c, B = 01, M = 06, P = 0a
A = 5d, B = 01, M = 06, P = 0b
A = 5d, B = 01, M = 06, P = 06
A = 01, B = 5d, M = 06, P = 07
A = 10, B = 5d, M = 06, P = 08
A = 01, B = 5d, M = 06, P = 09
A = 5d, B = 01, M = 06, P = 0a
A = 5e, B = 01, M = 06, P = 0b
A = 5e, B = 01, M = 06, P = 06
A = 01, B = 5e, M = 06, P = 07
A = 10, B = 5e, M = 06, P = 08
A = 01, B = 5e, M = 06, P = 09
A = 5e, B = 01, M = 06, P = 0a
A = 5f, B = 01, M = 06, P = 0b
A = 5f, B = 01, M = 06, P = 06
A = 01, B = 5f, M = 06, P = 07
A = 10, B = 5f, M = 06, P = 08
A = 01, B = 5f, M = 06, P = 09
A = 5f, B = 01, M = 06, P = 0a
A = 60, B = 01, M = 06, P = 0b
A = 60, B = 01, M = 06, P = 06
A = 01, B = 60, M = 06, P = 07
A = 10, B = 60, M = 06, P = 08
A = 01, B = 60, M = 06, P = 09
A = 60, B = 01, M = 06, P = 0a
A = 61, B = 01, M = 06, P = 0b
A = 61, B = 01, M = 06, P = 06
A = 01, B = 61, M = 06, P = 07
A = 10, B = 61, M = 06, P = 08
A = 01, B = 61, M = 06, P = 09
A = 61, B = 01, M = 06, P = 0a
A = 62, B = 01, M = 06, P = 0b
A = 62, B = 01, M = 06, P = 06
A = 01, B = 62, M = 06, P = 07
A = 10, B = 62, M = 06, P = 08
A = 01, B = 62, M = 06, P = 09
A = 62, B = 01, M = 06, P = 0a
A = 63, B = 01, M = 06, P = 0b
A = 63, B = 01, M = 06, P = 06
A = 01, B = 63, M = 06, P = 07
A = 10, B = 63, M = 06, P = 08
A = 01, B = 63, M = 06, P = 09
A = 63, B = 01, M = 06, P = 0a
A = 64, B = 01, M = 06, P = 0b
A = 64, B = 01, M = 06, P = 06
A = 01, B = 64, M = 06, P = 07
A = 10, B = 64, M = 06, P = 08
A = 01, B = 64, M = 06, P = 09
A = 64, B = 01, M = 06, P = 0a
A = 65, B = 01, M = 06, P = 0b
A = 65, B = 01, M = 06, P = 06
A = 01, B = 65, M = 06, P = 07
A = 10, B = 65, M = 06, P = 08
A = 01, B = 65, M = 06, P = 09
A = 65, B = 01, M = 06, P = 0a
A = 66, B = 01, M = 06, P = 0b
A = 66, B = 01, M = 06, P = 06
A = 01, B = 66, M = 06, P = 07
A = 10, B = 66, M = 06, P = 08
A = 01, B = 66, M = 06, P = 09
A = 66, B = 01, M = 06, P = 0a
A = 67, B = 01, M = 06, P = 0b
A = 67, B = 01, M = 06, P = 06
A = 01, B = 67, M = 06, P = 07
A = 10, B = 67, M = 06, P = 08
A = 01, B = 67, M = 06, P = 09
A = 67, B = 01, M = 06, P = 0a
A = 68, B = 01, M = 06, P = 0b
A = 68, B = 01, M = 06, P = 06
A = 01, B = 68, M = 06, P = 07
A = 10, B = 68, M = 06, P = 08
A = 01, B = 68, M = 06, P = 09
A = 68, B = 01, M = 06, P = 0a
A = 69, B = 01, M = 06, P = 0b
A = 69, B = 01, M = 06, P = 06
A = 01, B = 69, M = 06, P = 07
A = 10, B = 69, M = 06, P = 08
A = 01, B = 69, M = 06, P = 09
A = 69, B = 01, M = 06, P = 0a
A = 6a, B = 01, M = 06, P = 0b
A = 6a, B = 01, M = 06, P = 06
A = 01, B = 6a, M = 06, P = 07
A = 10, B = 6a, M = 06, P = 08
A = 01, B = 6a, M = 06, P = 09
A = 6a, B = 01, M = 06, P = 0a
A = 6b, B = 01, M = 06, P = 0b
A = 6b, B = 01, M = 06, P = 06
A = 01, B = 6b, M = 06, P = 07
A = 10, B = 6b, M = 06, P = 08
A = 01, B = 6b, M = 06, P = 09
A = 6b, B = 01, M = 06, P = 0a
A = 6c, B = 01, M = 06, P = 0b
A = 6c, B = 01, M = 06, P = 06
A = 01, B = 6c, M = 06, P = 07
A = 10, B = 6c, M = 06, P = 08
A = 01, B = 6c, M = 06, P = 09
A = 6c, B = 01, M = 06, P = 0a
A = 6d, B = 01, M = 06, P = 0b
A = 6d, B = 01, M = 06, P = 06
A = 01, B = 6d, M = 06, P = 07
A = 10, B = 6d, M = 06, P = 08
A = 01, B = 6d, M = 06, P = 09
A = 6d, B = 01, M = 06, P = 0a
A = 6e, B = 01, M = 06, P = 0b
A = 6e, B = 01, M = 06, P = 06
A = 01, B = 6e, M = 06, P = 07
A = 10, B = 6e, M = 06, P = 08
A = 01, B = 6e, M = 06, P = 09
A = 6e, B = 01, M = 06, P = 0a
A = 6f, B = 01, M = 06, P = 0b
A = 6f, B = 01, M = 06, P = 06
A = 01, B = 6f, M = 06, P = 07
A = 10, B = 6f, M = 06, P = 08
A = 01, B = 6f, M = 06, P = 09
A = 6f, B = 01, M = 06, P = 0a
A = 70, B = 01, M = 06, P = 0b
A = 70, B = 01, M = 06, P = 06
A = 01, B = 70, M = 06, P = 07
A = 10, B = 70, M = 06, P = 08
A = 01, B = 70, M = 06, P = 09
A = 70, B = 01, M = 06, P = 0a
A = 71, B = 01, M = 06, P = 0b
A = 71, B = 01, M = 06, P = 06
A = 01, B = 71, M = 06, P = 07
A = 10, B = 71, M = 06, P = 08
A = 01, B = 71, M = 06, P = 09
A = 71, B = 01, M = 06, P = 0a
A = 72, B = 01, M = 06, P = 0b
A = 72, B = 01, M = 06, P = 06
A = 01, B = 72, M = 06, P = 07
A = 10, B = 72, M = 06, P = 08
A = 01, B = 72, M = 06, P = 09
A = 72, B = 01, M = 06, P = 0a
A = 73, B = 01, M = 06, P = 0b
A = 73, B = 01, M = 06, P = 06
A = 01, B = 73, M = 06, P = 07
A = 10, B = 73, M = 06, P = 08
A = 01, B = 73, M = 06, P = 09
A = 73, B = 01, M = 06, P = 0a
A = 74, B = 01, M = 06, P = 0b
A = 74, B = 01, M = 06, P = 06
A = 01, B = 74, M = 06, P = 07
A = 10, B = 74, M = 06, P = 08
A = 01, B = 74, M = 06, P = 09
A = 74, B = 01, M = 06, P = 0a
A = 75, B = 01, M = 06, P = 0b
A = 75, B = 01, M = 06, P = 06
A = 01, B = 75, M = 06, P = 07
A = 10, B = 75, M = 06, P = 08
A = 01, B = 75, M = 06, P = 09
A = 75, B = 01, M = 06, P = 0a
A = 76, B = 01, M = 06, P = 0b
A = 76, B = 01, M = 06, P = 06
A = 01, B = 76, M = 06, P = 07
A = 10, B = 76, M = 06, P = 08
A = 01, B = 76, M = 06, P = 09
A = 76, B = 01, M = 06, P = 0a
A = 77, B = 01, M = 06, P = 0b
A = 77, B = 01, M = 06, P = 06
A = 01, B = 77, M = 06, P = 07
A = 10, B = 77, M = 06, P = 08
A = 01, B = 77, M = 06, P = 09
A = 77, B = 01, M = 06, P = 0a
A = 78, B = 01, M = 06, P = 0b
A = 78, B = 01, M = 06, P = 06
A = 01, B = 78, M = 06, P = 07
A = 10, B = 78, M = 06, P = 08
A = 01, B = 78, M = 06, P = 09
A = 78, B = 01, M = 06, P = 0a
A = 79, B = 01, M = 06, P = 0b
A = 79, B = 01, M = 06, P = 06
A = 01, B = 79, M = 06, P = 07
A = 10, B = 79, M = 06, P = 08
A = 01, B = 79, M = 06, P = 09
A = 79, B = 01, M = 06, P = 0a
A = 7a, B = 01, M = 06, P = 0b
A = 7a, B = 01, M = 06, P = 06
A = 01, B = 7a, M = 06, P = 07
A = 10, B = 7a, M = 06, P = 08
A = 01, B = 7a, M = 06, P = 09
A = 7a, B = 01, M = 06, P = 0a
A = 7b, B = 01, M = 06, P = 0b
A = 7b, B = 01, M = 06, P = 06
A = 01, B = 7b, M = 06, P = 07
A = 10, B = 7b, M = 06, P = 08
A = 01, B = 7b, M = 06, P = 09
A = 7b, B = 01, M = 06, P = 0a
A = 7c, B = 01, M = 06, P = 0b
A = 7c, B = 01, M = 06, P = 06
A = 01, B = 7c, M = 06, P = 07
A = 10, B = 7c, M = 06, P = 08
A = 01, B = 7c, M = 06, P = 09
A = 7c, B = 01, M = 06, P = 0a
A = 7d, B = 01, M = 06, P = 0b
A = 7d, B = 01, M = 06, P = 06
A = 01, B = 7d, M = 06, P = 07
A = 10, B = 7d, M = 06, P = 08
A = 01, B = 7d, M = 06, P = 09
A = 7d, B = 01, M = 06, P = 0a
A = 7e, B = 01, M = 06, P = 0b
A = 7e, B = 01, M = 06, P = 06
A = 01, B = 7e, M = 06, P = 07
A = 10, B = 7e, M = 06, P = 08
A = 01, B = 7e, M = 06, P = 09
A = 7e, B = 01, M = 06, P = 0a
A = 7f, B = 01, M = 06, P = 0b
A = 7f, B = 01, M = 06, P = 06
A = 01, B = 7f, M = 06, P = 07
A = 10, B = 7f, M = 06, P = 08
A = 01, B = 7f, M = 06, P = 09
A = 7f, B = 01, M = 06, P = 0a
A = 80, B = 01, M = 06, P = 0b
A = 80, B = 01, M = 06, P = 06
A = 01, B = 80, M = 06, P = 07
A = 10, B = 80, M = 06, P = 08
A = 01, B = 80, M = 06, P = 09
A = 80, B = 01, M = 06, P = 0a
A = 81, B = 01, M = 06, P = 0b
A = 81, B = 01, M = 06, P = 06
A = 01, B = 81, M = 06, P = 07
A = 10, B = 81, M = 06, P = 08
A = 01, B = 81, M = 06, P = 09
A = 81, B = 01, M = 06, P = 0a
A = 82, B = 01, M = 06, P = 0b
A = 82, B = 01, M = 06, P = 06
A = 01, B = 82, M = 06, P = 07
A = 10, B = 82, M = 06, P = 08
A = 01, B = 82, M = 06, P = 09
A = 82, B = 01, M = 06, P = 0a
A = 83, B = 01, M = 06, P = 0b
A = 83, B = 01, M = 06, P = 06
A = 01, B = 83, M = 06, P = 07
A = 10, B = 83, M = 06, P = 08
A = 01, B = 83, M = 06, P = 09
A = 83, B = 01, M = 06, P = 0a
A = 84, B = 01, M = 06, P = 0b
A = 84, B = 01, M = 06, P = 06
A = 01, B = 84, M = 06, P = 07
A = 10, B = 84, M = 06, P = 08
A = 01, B = 84, M = 06, P = 09
A = 84, B = 01, M = 06, P = 0a
A = 85, B = 01, M = 06, P = 0b
A = 85, B = 01, M = 06, P = 06
A = 01, B = 85, M = 06, P = 07
A = 10, B = 85, M = 06, P = 08
A = 01, B = 85, M = 06, P = 09
A = 85, B = 01, M = 06, P = 0a
A = 86, B = 01, M = 06, P = 0b
A = 86, B = 01, M = 06, P = 06
A = 01, B = 86, M = 06, P = 07
A = 10, B = 86, M = 06, P = 08
A = 01, B = 86, M = 06, P = 09
A = 86, B = 01, M = 06, P = 0a
A = 87, B = 01, M = 06, P = 0b
A = 87, B = 01, M = 06, P = 06
A = 01, B = 87, M = 06, P = 07
A = 10, B = 87, M = 06, P = 08
A = 01, B = 87, M = 06, P = 09
A = 87, B = 01, M = 06, P = 0a
A = 88, B = 01, M = 06, P = 0b
A = 88, B = 01, M = 06, P = 06
A = 01, B = 88, M = 06, P = 07
A = 10, B = 88, M = 06, P = 08
A = 01, B = 88, M = 06, P = 09
A = 88, B = 01, M = 06, P = 0a
A = 89, B = 01, M = 06, P = 0b
A = 89, B = 01, M = 06, P = 06
A = 01, B = 89, M = 06, P = 07
A = 10, B = 89, M = 06, P = 08
A = 01, B = 89, M = 06, P = 09
A = 89, B = 01, M = 06, P = 0a
A = 8a, B = 01, M = 06, P = 0b
A = 8a, B = 01, M = 06, P = 06
A = 01, B = 8a, M = 06, P = 07
A = 10, B = 8a, M = 06, P = 08
A = 01, B = 8a, M = 06, P = 09
A = 8a, B = 01, M = 06, P = 0a
A = 8b, B = 01, M = 06, P = 0b
A = 8b, B = 01, M = 06, P = 06
A = 01, B = 8b, M = 06, P = 07
A = 10, B = 8b, M = 06, P = 08
A = 01, B = 8b, M = 06, P = 09
A = 8b, B = 01, M = 06, P = 0a
A = 8c, B = 01, M = 06, P = 0b
A = 8c, B = 01, M = 06, P = 06
A = 01, B = 8c, M = 06, P = 07
A = 10, B = 8c, M = 06, P = 08
A = 01, B = 8c, M = 06, P = 09
A = 8c, B = 01, M = 06, P = 0a
A = 8d, B = 01, M = 06, P = 0b
A = 8d, B = 01, M = 06, P = 06
A = 01, B = 8d, M = 06, P = 07
A = 10, B = 8d, M = 06, P = 08
A = 01, B = 8d, M = 06, P = 09
A = 8d, B = 01, M = 06, P = 0a
A = 8e, B = 01, M = 06, P = 0b
A = 8e, B = 01, M = 06, P = 06
A = 01, B = 8e, M = 06, P = 07
A = 10, B = 8e, M = 06, P = 08
A = 01, B = 8e, M = 06, P = 09
A = 8e, B = 01, M = 06, P = 0a
A = 8f, B = 01, M = 06, P = 0b
A = 8f, B = 01, M = 06, P = 06
A = 01, B = 8f, M = 06, P = 07
A = 10, B = 8f, M = 06, P = 08
A = 01, B = 8f, M = 06, P = 09
A = 8f, B = 01, M = 06, P = 0a
A = 90, B = 01, M = 06, P = 0b
A = 90, B = 01, M = 06, P = 06
A = 01, B = 90, M = 06, P = 07
A = 10, B = 90, M = 06, P = 08
A = 01, B = 90, M = 06, P = 09
A = 90, B = 01, M = 06, P = 0a
A = 91, B = 01, M = 06, P = 0b
A = 91, B = 01, M = 06, P = 06
A = 01, B = 91, M = 06, P = 07
A = 10, B = 91, M = 06, P = 08
A = 01, B = 91, M = 06, P = 09
A = 91, B = 01, M = 06, P = 0a
A = 92, B = 01, M = 06, P = 0b
A = 92, B = 01, M = 06, P = 06
A = 01, B = 92, M = 06, P = 07
A = 10, B = 92, M = 06, P = 08
A = 01, B = 92, M = 06, P = 09
A = 92, B = 01, M = 06, P = 0a
A = 93, B = 01, M = 06, P = 0b
A = 93, B = 01, M = 06, P = 06
A = 01, B = 93, M = 06, P = 07
A = 10, B = 93, M = 06, P = 08
A = 01, B = 93, M = 06, P = 09
A = 93, B = 01, M = 06, P = 0a
A = 94, B = 01, M = 06, P = 0b
A = 94, B = 01, M = 06, P = 06
A = 01, B = 94, M = 06, P = 07
A = 10, B = 94, M = 06, P = 08
A = 01, B = 94, M = 06, P = 09
A = 94, B = 01, M = 06, P = 0a
A = 95, B = 01, M = 06, P = 0b
A = 95, B = 01, M = 06, P = 06
A = 01, B = 95, M = 06, P = 07
A = 10, B = 95, M = 06, P = 08
A = 01, B = 95, M = 06, P = 09
A = 95, B = 01, M = 06, P = 0a
A = 96, B = 01, M = 06, P = 0b
A = 96, B = 01, M = 06, P = 06
A = 01, B = 96, M = 06, P = 07
A = 10, B = 96, M = 06, P = 08
A = 01, B = 96, M = 06, P = 09
A = 96, B = 01, M = 06, P = 0a
A = 97, B = 01, M = 06, P = 0b
A = 97, B = 01, M = 06, P = 06
A = 01, B = 97, M = 06, P = 07
A = 10, B = 97, M = 06, P = 08
A = 01, B = 97, M = 06, P = 09
A = 97, B = 01, M = 06, P = 0a
A = 98, B = 01, M = 06, P = 0b
A = 98, B = 01, M = 06, P = 06
A = 01, B = 98, M = 06, P = 07
A = 10, B = 98, M = 06, P = 08
A = 01, B = 98, M = 06, P = 09
A = 98, B = 01, M = 06, P = 0a
A = 99, B = 01, M = 06, P = 0b
A = 99, B = 01, M = 06, P = 06
A = 01, B = 99, M = 06, P = 07
A = 10, B = 99, M = 06, P = 08
A = 01, B = 99, M = 06, P = 09
A = 99, B = 01, M = 06, P = 0a
A = 9a, B = 01, M = 06, P = 0b
A = 9a, B = 01, M = 06, P = 06
A = 01, B = 9a, M = 06, P = 07
A = 10, B = 9a, M = 06, P = 08
A = 01, B = 9a, M = 06, P = 09
A = 9a, B = 01, M = 06, P = 0a
A = 9b, B = 01, M = 06, P = 0b
A = 9b, B = 01, M = 06, P = 06
A = 01, B = 9b, M = 06, P = 07
A = 10, B = 9b, M = 06, P = 08
A = 01, B = 9b, M = 06, P = 09
A = 9b, B = 01, M = 06, P = 0a
A = 9c, B = 01, M = 06, P = 0b
A = 9c, B = 01, M = 06, P = 06
A = 01, B = 9c, M = 06, P = 07
A = 10, B = 9c, M = 06, P = 08
A = 01, B = 9c, M = 06, P = 09
A = 9c, B = 01, M = 06, P = 0a
A = 9d, B = 01, M = 06, P = 0b
A = 9d, B = 01, M = 06, P = 06
A = 01, B = 9d, M = 06, P = 07
A = 10, B = 9d, M = 06, P = 08
A = 01, B = 9d, M = 06, P = 09
A = 9d, B = 01, M = 06, P = 0a
A = 9e, B = 01, M = 06, P = 0b
A = 9e, B = 01, M = 06, P = 06
A = 01, B = 9e, M = 06, P = 07
A = 10, B = 9e, M = 06, P = 08
A = 01, B = 9e, M = 06, P = 09
A = 9e, B = 01, M = 06, P = 0a
A = 9f, B = 01, M = 06, P = 0b
A = 9f, B = 01, M = 06, P = 06
A = 01, B = 9f, M = 06, P = 07
A = 10, B = 9f, M = 06, P = 08
A = 01, B = 9f, M = 06, P = 09
A = 9f, B = 01, M = 06, P = 0a
A = a0, B = 01, M = 06, P = 0b
A = a0, B = 01, M = 06, P = 06
A = 01, B = a0, M = 06, P = 07
A = 10, B = a0, M = 06, P = 08
A = 01, B = a0, M = 06, P = 09
A = a0, B = 01, M = 06, P = 0a
A = a1, B = 01, M = 06, P = 0b
A = a1, B = 01, M = 06, P = 06
A = 01, B = a1, M = 06, P = 07
A = 10, B = a1, M = 06, P = 08
A = 01, B = a1, M = 06, P = 09
A = a1, B = 01, M = 06, P = 0a
A = a2, B = 01, M = 06, P = 0b
A = a2, B = 01, M = 06, P = 06
A = 01, B = a2, M = 06, P = 07
A = 10, B = a2, M = 06, P = 08
A = 01, B = a2, M = 06, P = 09
A = a2, B = 01, M = 06, P = 0a
A = a3, B = 01, M = 06, P = 0b
A = a3, B = 01, M = 06, P = 06
A = 01, B = a3, M = 06, P = 07
A = 10, B = a3, M = 06, P = 08
A = 01, B = a3, M = 06, P = 09
A = a3, B = 01, M = 06, P = 0a
A = a4, B = 01, M = 06, P = 0b
A = a4, B = 01, M = 06, P = 06
A = 01, B = a4, M = 06, P = 07
A = 10, B = a4, M = 06, P = 08
A = 01, B = a4, M = 06, P = 09
A = a4, B = 01, M = 06, P = 0a
A = a5, B = 01, M = 06, P = 0b
A = a5, B = 01, M = 06, P = 06
A = 01, B = a5, M = 06, P = 07
A = 10, B = a5, M = 06, P = 08
A = 01, B = a5, M = 06, P = 09
A = a5, B = 01, M = 06, P = 0a
A = a6, B = 01, M = 06, P = 0b
A = a6, B = 01, M = 06, P = 06
A = 01, B = a6, M = 06, P = 07
A = 10, B = a6, M = 06, P = 08
A = 01, B = a6, M = 06, P = 09
A = a6, B = 01, M = 06, P = 0a
A = a7, B = 01, M = 06, P = 0b
A = a7, B = 01, M = 06, P = 06
A = 01, B = a7, M = 06, P = 07
A = 10, B = a7, M = 06, P = 08
A = 01, B = a7, M = 06, P = 09
A = a7, B = 01, M = 06, P = 0a
A = a8, B = 01, M = 06, P = 0b
A = a8, B = 01, M = 06, P = 06
A = 01, B = a8, M = 06, P = 07
A = 10, B = a8, M = 06, P = 08
A = 01, B = a8, M = 06, P = 09
A = a8, B = 01, M = 06, P = 0a
A = a9, B = 01, M = 06, P = 0b
A = a9, B = 01, M = 06, P = 06
A = 01, B = a9, M = 06, P = 07
A = 10, B = a9, M = 06, P = 08
A = 01, B = a9, M = 06, P = 09
A = a9, B = 01, M = 06, P = 0a
A = aa, B = 01, M = 06, P = 0b
A = aa, B = 01, M = 06, P = 06
A = 01, B = aa, M = 06, P = 07
A = 10, B = aa, M = 06, P = 08
A = 01, B = aa, M = 06, P = 09
A = aa, B = 01, M = 06, P = 0a
A = ab, B = 01, M = 06, P = 0b
A = ab, B = 01, M = 06, P = 06
A = 01, B = ab, M = 06, P = 07
A = 10, B = ab, M = 06, P = 08
A = 01, B = ab, M = 06, P = 09
A = ab, B = 01, M = 06, P = 0a
A = ac, B = 01, M = 06, P = 0b
A = ac, B = 01, M = 06, P = 06
A = 01, B = ac, M = 06, P = 07
A = 10, B = ac, M = 06, P = 08
A = 01, B = ac, M = 06, P = 09
A = ac, B = 01, M = 06, P = 0a
A = ad, B = 01, M = 06, P = 0b
A = ad, B = 01, M = 06, P = 06
A = 01, B = ad, M = 06, P = 07
A = 10, B = ad, M = 06, P = 08
A = 01, B = ad, M = 06, P = 09
A = ad, B = 01, M = 06, P = 0a
A = ae, B = 01, M = 06, P = 0b
A = ae, B = 01, M = 06, P = 06
A = 01, B = ae, M = 06, P = 07
A = 10, B = ae, M = 06, P = 08
A = 01, B = ae, M = 06, P = 09
A = ae, B = 01, M = 06, P = 0a
A = af, B = 01, M = 06, P = 0b
A = af, B = 01, M = 06, P = 06
A = 01, B = af, M = 06, P = 07
A = 10, B = af, M = 06, P = 08
A = 01, B = af, M = 06, P = 09
A = af, B = 01, M = 06, P = 0a
A = b0, B = 01, M = 06, P = 0b
A = b0, B = 01, M = 06, P = 06
A = 01, B = b0, M = 06, P = 07
A = 10, B = b0, M = 06, P = 08
A = 01, B = b0, M = 06, P = 09
A = b0, B = 01, M = 06, P = 0a
A = b1, B = 01, M = 06, P = 0b
A = b1, B = 01, M = 06, P = 06
A = 01, B = b1, M = 06, P = 07
A = 10, B = b1, M = 06, P = 08
A = 01, B = b1, M = 06, P = 09
A = b1, B = 01, M = 06, P = 0a
A = b2, B = 01, M = 06, P = 0b
A = b2, B = 01, M = 06, P = 06
A = 01, B = b2, M = 06, P = 07
A = 10, B = b2, M = 06, P = 08
A = 01, B = b2, M = 06, P = 09
A = b2, B = 01, M = 06, P = 0a
A = b3, B = 01, M = 06, P = 0b
A = b3, B = 01, M = 06, P = 06
A = 01, B = b3, M = 06, P = 07
A = 10, B = b3, M = 06, P = 08
A = 01, B = b3, M = 06, P = 09
A = b3, B = 01, M = 06, P = 0a
A = b4, B = 01, M = 06, P = 0b
A = b4, B = 01, M = 06, P = 06
A = 01, B = b4, M = 06, P = 07
A = 10, B = b4, M = 06, P = 08
A = 01, B = b4, M = 06, P = 09
A = b4, B = 01, M = 06, P = 0a
A = b5, B = 01, M = 06, P = 0b
A = b5, B = 01, M = 06, P = 06
A = 01, B = b5, M = 06, P = 07
A = 10, B = b5, M = 06, P = 08
A = 01, B = b5, M = 06, P = 09
A = b5, B = 01, M = 06, P = 0a
A = b6, B = 01, M = 06, P = 0b
A = b6, B = 01, M = 06, P = 06
A = 01, B = b6, M = 06, P = 07
A = 10, B = b6, M = 06, P = 08
A = 01, B = b6, M = 06, P = 09
A = b6, B = 01, M = 06, P = 0a
A = b7, B = 01, M = 06, P = 0b
A = b7, B = 01, M = 06, P = 06
A = 01, B = b7, M = 06, P = 07
A = 10, B = b7, M = 06, P = 08
A = 01, B = b7, M = 06, P = 09
A = b7, B = 01, M = 06, P = 0a
A = b8, B = 01, M = 06, P = 0b
A = b8, B = 01, M = 06, P = 06
A = 01, B = b8, M = 06, P = 07
A = 10, B = b8, M = 06, P = 08
A = 01, B = b8, M = 06, P = 09
A = b8, B = 01, M = 06, P = 0a
A = b9, B = 01, M = 06, P = 0b
A = b9, B = 01, M = 06, P = 06
A = 01, B = b9, M = 06, P = 07
A = 10, B = b9, M = 06, P = 08
A = 01, B = b9, M = 06, P = 09
A = b9, B = 01, M = 06, P = 0a
A = ba, B = 01, M = 06, P = 0b
A = ba, B = 01, M = 06, P = 06
A = 01, B = ba, M = 06, P = 07
A = 10, B = ba, M = 06, P = 08
A = 01, B = ba, M = 06, P = 09
A = ba, B = 01, M = 06, P = 0a
A = bb, B = 01, M = 06, P = 0b
A = bb, B = 01, M = 06, P = 06
A = 01, B = bb, M = 06, P = 07
A = 10, B = bb, M = 06, P = 08
A = 01, B = bb, M = 06, P = 09
A = bb, B = 01, M = 06, P = 0a
A = bc, B = 01, M = 06, P = 0b
A = bc, B = 01, M = 06, P = 06
A = 01, B = bc, M = 06, P = 07
A = 10, B = bc, M = 06, P = 08
A = 01, B = bc, M = 06, P = 09
A = bc, B = 01, M = 06, P = 0a
A = bd, B = 01, M = 06, P = 0b
A = bd, B = 01, M = 06, P = 06
A = 01, B = bd, M = 06, P = 07
A = 10, B = bd, M = 06, P = 08
A = 01, B = bd, M = 06, P = 09
A = bd, B = 01, M = 06, P = 0a
A = be, B = 01, M = 06, P = 0b
A = be, B = 01, M = 06, P = 06
A = 01, B = be, M = 06, P = 07
A = 10, B = be, M = 06, P = 08
A = 01, B = be, M = 06, P = 09
A = be, B = 01, M = 06, P = 0a
A = bf, B = 01, M = 06, P = 0b
A = bf, B = 01, M = 06, P = 06
A = 01, B = bf, M = 06, P = 07
A = 10, B = bf, M = 06, P = 08
A = 01, B = bf, M = 06, P = 09
A = bf, B = 01, M = 06, P = 0a
A = c0, B = 01, M = 06, P = 0b
A = c0, B = 01, M = 06, P = 06
A = 01, B = c0, M = 06, P = 07
A = 10, B = c0, M = 06, P = 08
A = 01, B = c0, M = 06, P = 09
A = c0, B = 01, M = 06, P = 0a
A = c1, B = 01, M = 06, P = 0b
A = c1, B = 01, M = 06, P = 06
A = 01, B = c1, M = 06, P = 07
A = 10, B = c1, M = 06, P = 08
A = 01, B = c1, M = 06, P = 09
A = c1, B = 01, M = 06, P = 0a
A = c2, B = 01, M = 06, P = 0b
A = c2, B = 01, M = 06, P = 06
A = 01, B = c2, M = 06, P = 07
A = 10, B = c2, M = 06, P = 08
A = 01, B = c2, M = 06, P = 09
A = c2, B = 01, M = 06, P = 0a
A = c3, B = 01, M = 06, P = 0b
A = c3, B = 01, M = 06, P = 06
A = 01, B = c3, M = 06, P = 07
A = 10, B = c3, M = 06, P = 08
A = 01, B = c3, M = 06, P = 09
A = c3, B = 01, M = 06, P = 0a
A = c4, B = 01, M = 06, P = 0b
A = c4, B = 01, M = 06, P = 06
A = 01, B = c4, M = 06, P = 07
A = 10, B = c4, M = 06, P = 08
A = 01, B = c4, M = 06, P = 09
A = c4, B = 01, M = 06, P = 0a
A = c5, B = 01, M = 06, P = 0b
A = c5, B = 01, M = 06, P = 06
A = 01, B = c5, M = 06, P = 07
A = 10, B = c5, M = 06, P = 08
A = 01, B = c5, M = 06, P = 09
A = c5, B = 01, M = 06, P = 0a
A = c6, B = 01, M = 06, P = 0b
A = c6, B = 01, M = 06, P = 06
A = 01, B = c6, M = 06, P = 07
A = 10, B = c6, M = 06, P = 08
A = 01, B = c6, M = 06, P = 09
A = c6, B = 01, M = 06, P = 0a
A = c7, B = 01, M = 06, P = 0b
A = c7, B = 01, M = 06, P = 06
A = 01, B = c7, M = 06, P = 07
A = 10, B = c7, M = 06, P = 08
A = 01, B = c7, M = 06, P = 09
A = c7, B = 01, M = 06, P = 0a
A = c8, B = 01, M = 06, P = 0b
A = c8, B = 01, M = 06, P = 06
A = 01, B = c8, M = 06, P = 07
A = 10, B = c8, M = 06, P = 08
A = 01, B = c8, M = 06, P = 09
A = c8, B = 01, M = 06, P = 0a
A = c9, B = 01, M = 06, P = 0b
A = c9, B = 01, M = 06, P = 06
A = 01, B = c9, M = 06, P = 07
A = 10, B = c9, M = 06, P = 08
A = 01, B = c9, M = 06, P = 09
A = c9, B = 01, M = 06, P = 0a
A = ca, B = 01, M = 06, P = 0b
A = ca, B = 01, M = 06, P = 06
A = 01, B = ca, M = 06, P = 07
A = 10, B = ca, M = 06, P = 08
A = 01, B = ca, M = 06, P = 09
A = ca, B = 01, M = 06, P = 0a
A = cb, B = 01, M = 06, P = 0b
A = cb, B = 01, M = 06, P = 06
A = 01, B = cb, M = 06, P = 07
A = 10, B = cb, M = 06, P = 08
A = 01, B = cb, M = 06, P = 09
A = cb, B = 01, M = 06, P = 0a
A = cc, B = 01, M = 06, P = 0b
A = cc, B = 01, M = 06, P = 06
A = 01, B = cc, M = 06, P = 07
A = 10, B = cc, M = 06, P = 08
A = 01, B = cc, M = 06, P = 09
A = cc, B = 01, M = 06, P = 0a
A = cd, B = 01, M = 06, P = 0b
A = cd, B = 01, M = 06, P = 06
A = 01, B = cd, M = 06, P = 07
A = 10, B = cd, M = 06, P = 08
A = 01, B = cd, M = 06, P = 09
A = cd, B = 01, M = 06, P = 0a
A = ce, B = 01, M = 06, P = 0b
A = ce, B = 01, M = 06, P = 06
A = 01, B = ce, M = 06, P = 07
A = 10, B = ce, M = 06, P = 08
A = 01, B = ce, M = 06, P = 09
A = ce, B = 01, M = 06, P = 0a
A = cf, B = 01, M = 06, P = 0b
A = cf, B = 01, M = 06, P = 06
A = 01, B = cf, M = 06, P = 07
A = 10, B = cf, M = 06, P = 08
A = 01, B = cf, M = 06, P = 09
A = cf, B = 01, M = 06, P = 0a
A = d0, B = 01, M = 06, P = 0b
A = d0, B = 01, M = 06, P = 06
A = 01, B = d0, M = 06, P = 07
A = 10, B = d0, M = 06, P = 08
A = 01, B = d0, M = 06, P = 09
A = d0, B = 01, M = 06, P = 0a
A = d1, B = 01, M = 06, P = 0b
A = d1, B = 01, M = 06, P = 06
A = 01, B = d1, M = 06, P = 07
A = 10, B = d1, M = 06, P = 08
A = 01, B = d1, M = 06, P = 09
A = d1, B = 01, M = 06, P = 0a
A = d2, B = 01, M = 06, P = 0b
A = d2, B = 01, M = 06, P = 06
A = 01, B = d2, M = 06, P = 07
A = 10, B = d2, M = 06, P = 08
A = 01, B = d2, M = 06, P = 09
A = d2, B = 01, M = 06, P = 0a
A = d3, B = 01, M = 06, P = 0b
A = d3, B = 01, M = 06, P = 06
A = 01, B = d3, M = 06, P = 07
A = 10, B = d3, M = 06, P = 08
A = 01, B = d3, M = 06, P = 09
A = d3, B = 01, M = 06, P = 0a
A = d4, B = 01, M = 06, P = 0b
A = d4, B = 01, M = 06, P = 06
A = 01, B = d4, M = 06, P = 07
A = 10, B = d4, M = 06, P = 08
A = 01, B = d4, M = 06, P = 09
A = d4, B = 01, M = 06, P = 0a
A = d5, B = 01, M = 06, P = 0b
A = d5, B = 01, M = 06, P = 06
A = 01, B = d5, M = 06, P = 07
A = 10, B = d5, M = 06, P = 08
A = 01, B = d5, M = 06, P = 09
A = d5, B = 01, M = 06, P = 0a
A = d6, B = 01, M = 06, P = 0b
A = d6, B = 01, M = 06, P = 06
A = 01, B = d6, M = 06, P = 07
A = 10, B = d6, M = 06, P = 08
A = 01, B = d6, M = 06, P = 09
A = d6, B = 01, M = 06, P = 0a
A = d7, B = 01, M = 06, P = 0b
A = d7, B = 01, M = 06, P = 06
A = 01, B = d7, M = 06, P = 07
A = 10, B = d7, M = 06, P = 08
A = 01, B = d7, M = 06, P = 09
A = d7, B = 01, M = 06, P = 0a
A = d8, B = 01, M = 06, P = 0b
A = d8, B = 01, M = 06, P = 06
A = 01, B = d8, M = 06, P = 07
A = 10, B = d8, M = 06, P = 08
A = 01, B = d8, M = 06, P = 09
A = d8, B = 01, M = 06, P = 0a
A = d9, B = 01, M = 06, P = 0b
A = d9, B = 01, M = 06, P = 06
A = 01, B = d9, M = 06, P = 07
A = 10, B = d9, M = 06, P = 08
A = 01, B = d9, M = 06, P = 09
A = d9, B = 01, M = 06, P = 0a
A = da, B = 01, M = 06, P = 0b
A = da, B = 01, M = 06, P = 06
A = 01, B = da, M = 06, P = 07
A = 10, B = da, M = 06, P = 08
A = 01, B = da, M = 06, P = 09
A = da, B = 01, M = 06, P = 0a
A = db, B = 01, M = 06, P = 0b
A = db, B = 01, M = 06, P = 06
A = 01, B = db, M = 06, P = 07
A = 10, B = db, M = 06, P = 08
A = 01, B = db, M = 06, P = 09
A = db, B = 01, M = 06, P = 0a
A = dc, B = 01, M = 06, P = 0b
A = dc, B = 01, M = 06, P = 06
A = 01, B = dc, M = 06, P = 07
A = 10, B = dc, M = 06, P = 08
A = 01, B = dc, M = 06, P = 09
A = dc, B = 01, M = 06, P = 0a
A = dd, B = 01, M = 06, P = 0b
A = dd, B = 01, M = 06, P = 06
A = 01, B = dd, M = 06, P = 07
A = 10, B = dd, M = 06, P = 08
A = 01, B = dd, M = 06, P = 09
A = dd, B = 01, M = 06, P = 0a
A = de, B = 01, M = 06, P = 0b
A = de, B = 01, M = 06, P = 06
A = 01, B = de, M = 06, P = 07
A = 10, B = de, M = 06, P = 08
A = 01, B = de, M = 06, P = 09
A = de, B = 01, M = 06, P = 0a
A = df, B = 01, M = 06, P = 0b
A = df, B = 01, M = 06, P = 06
A = 01, B = df, M = 06, P = 07
A = 10, B = df, M = 06, P = 08
A = 01, B = df, M = 06, P = 09
A = df, B = 01, M = 06, P = 0a
A = e0, B = 01, M = 06, P = 0b
A = e0, B = 01, M = 06, P = 06
A = 01, B = e0, M = 06, P = 07
A = 10, B = e0, M = 06, P = 08
A = 01, B = e0, M = 06, P = 09
A = e0, B = 01, M = 06, P = 0a
A = e1, B = 01, M = 06, P = 0b
A = e1, B = 01, M = 06, P = 06
A = 01, B = e1, M = 06, P = 07
A = 10, B = e1, M = 06, P = 08
A = 01, B = e1, M = 06, P = 09
A = e1, B = 01, M = 06, P = 0a
A = e2, B = 01, M = 06, P = 0b
A = e2, B = 01, M = 06, P = 06
A = 01, B = e2, M = 06, P = 07
A = 10, B = e2, M = 06, P = 08
A = 01, B = e2, M = 06, P = 09
A = e2, B = 01, M = 06, P = 0a
A = e3, B = 01, M = 06, P = 0b
A = e3, B = 01, M = 06, P = 06
A = 01, B = e3, M = 06, P = 07
A = 10, B = e3, M = 06, P = 08
A = 01, B = e3, M = 06, P = 09
A = e3, B = 01, M = 06, P = 0a
A = e4, B = 01, M = 06, P = 0b
A = e4, B = 01, M = 06, P = 06
A = 01, B = e4, M = 06, P = 07
A = 10, B = e4, M = 06, P = 08
A = 01, B = e4, M = 06, P = 09
A = e4, B = 01, M = 06, P = 0a
A = e5, B = 01, M = 06, P = 0b
A = e5, B = 01, M = 06, P = 06
A = 01, B = e5, M = 06, P = 07
A = 10, B = e5, M = 06, P = 08
A = 01, B = e5, M = 06, P = 09
A = e5, B = 01, M = 06, P = 0a
A = e6, B = 01, M = 06, P = 0b
A = e6, B = 01, M = 06, P = 06
A = 01, B = e6, M = 06, P = 07
A = 10, B = e6, M = 06, P = 08
A = 01, B = e6, M = 06, P = 09
A = e6, B = 01, M = 06, P = 0a
A = e7, B = 01, M = 06, P = 0b
A = e7, B = 01, M = 06, P = 06
A = 01, B = e7, M = 06, P = 07
A = 10, B = e7, M = 06, P = 08
A = 01, B = e7, M = 06, P = 09
A = e7, B = 01, M = 06, P = 0a
A = e8, B = 01, M = 06, P = 0b
A = e8, B = 01, M = 06, P = 06
A = 01, B = e8, M = 06, P = 07
A = 10, B = e8, M = 06, P = 08
A = 01, B = e8, M = 06, P = 09
A = e8, B = 01, M = 06, P = 0a
A = e9, B = 01, M = 06, P = 0b
A = e9, B = 01, M = 06, P = 06
A = 01, B = e9, M = 06, P = 07
A = 10, B = e9, M = 06, P = 08
A = 01, B = e9, M = 06, P = 09
A = e9, B = 01, M = 06, P = 0a
A = ea, B = 01, M = 06, P = 0b
A = ea, B = 01, M = 06, P = 06
A = 01, B = ea, M = 06, P = 07
A = 10, B = ea, M = 06, P = 08
A = 01, B = ea, M = 06, P = 09
A = ea, B = 01, M = 06, P = 0a
A = eb, B = 01, M = 06, P = 0b
A = eb, B = 01, M = 06, P = 06
A = 01, B = eb, M = 06, P = 07
A = 10, B = eb, M = 06, P = 08
A = 01, B = eb, M = 06, P = 09
A = eb, B = 01, M = 06, P = 0a
A = ec, B = 01, M = 06, P = 0b
A = ec, B = 01, M = 06, P = 06
A = 01, B = ec, M = 06, P = 07
A = 10, B = ec, M = 06, P = 08
A = 01, B = ec, M = 06, P = 09
A = ec, B = 01, M = 06, P = 0a
A = ed, B = 01, M = 06, P = 0b
A = ed, B = 01, M = 06, P = 06
A = 01, B = ed, M = 06, P = 07
A = 10, B = ed, M = 06, P = 08
A = 01, B = ed, M = 06, P = 09
A = ed, B = 01, M = 06, P = 0a
A = ee, B = 01, M = 06, P = 0b
A = ee, B = 01, M = 06, P = 06
A = 01, B = ee, M = 06, P = 07
A = 10, B = ee, M = 06, P = 08
A = 01, B = ee, M = 06, P = 09
A = ee, B = 01, M = 06, P = 0a
A = ef, B = 01, M = 06, P = 0b
A = ef, B = 01, M = 06, P = 06
A = 01, B = ef, M = 06, P = 07
A = 10, B = ef, M = 06, P = 08
A = 01, B = ef, M = 06, P = 09
A = ef, B = 01, M = 06, P = 0a
A = f0, B = 01, M = 06, P = 0b
A = f0, B = 01, M = 06, P = 06
A = 01, B = f0, M = 06, P = 07
A = 10, B = f0, M = 06, P = 08
A = 01, B = f0, M = 06, P = 09
A = f0, B = 01, M = 06, P = 0a
A = f1, B = 01, M = 06, P = 0b
A = f1, B = 01, M = 06, P = 06
A = 01, B = f1, M = 06, P = 07
A = 10, B = f1, M = 06, P = 08
A = 01, B = f1, M = 06, P = 09
A = f1, B = 01, M = 06, P = 0a
A = f2, B = 01, M = 06, P = 0b
A = f2, B = 01, M = 06, P = 06
A = 01, B = f2, M = 06, P = 07
A = 10, B = f2, M = 06, P = 08
A = 01, B = f2, M = 06, P = 09
A = f2, B = 01, M = 06, P = 0a
A = f3, B = 01, M = 06, P = 0b
A = f3, B = 01, M = 06, P = 06
A = 01, B = f3, M = 06, P = 07
A = 10, B = f3, M = 06, P = 08
A = 01, B = f3, M = 06, P = 09
A = f3, B = 01, M = 06, P = 0a
A = f4, B = 01, M = 06, P = 0b
A = f4, B = 01, M = 06, P = 06
A = 01, B = f4, M = 06, P = 07
A = 10, B = f4, M = 06, P = 08
A = 01, B = f4, M = 06, P = 09
A = f4, B = 01, M = 06, P = 0a
A = f5, B = 01, M = 06, P = 0b
A = f5, B = 01, M = 06, P = 06
A = 01, B = f5, M = 06, P = 07
A = 10, B = f5, M = 06, P = 08
A = 01, B = f5, M = 06, P = 09
A = f5, B = 01, M = 06, P = 0a
A = f6, B = 01, M = 06, P = 0b
A = f6, B = 01, M = 06, P = 06
A = 01, B = f6, M = 06, P = 07
A = 10, B = f6, M = 06, P = 08
A = 01, B = f6, M = 06, P = 09
A = f6, B = 01, M = 06, P = 0a
A = f7, B = 01, M = 06, P = 0b
A = f7, B = 01, M = 06, P = 06
A = 01, B = f7, M = 06, P = 07
A = 10, B = f7, M = 06, P = 08
A = 01, B = f7, M = 06, P = 09
A = f7, B = 01, M = 06, P = 0a
A = f8, B = 01, M = 06, P = 0b
A = f8, B = 01, M = 06, P = 06
A = 01, B = f8, M = 06, P = 07
A = 10, B = f8, M = 06, P = 08
A = 01, B = f8, M = 06, P = 09
A = f8, B = 01, M = 06, P = 0a
A = f9, B = 01, M = 06, P = 0b
A = f9, B = 01, M = 06, P = 06
A = 01, B = f9, M = 06, P = 07
A = 10, B = f9, M = 06, P = 08
A = 01, B = f9, M = 06, P = 09
A = f9, B = 01, M = 06, P = 0a
A = fa, B = 01, M = 06, P = 0b
A = fa, B = 01, M = 06, P = 06
A = 01, B = fa, M = 06, P = 07
A = 10, B = fa, M = 06, P = 08
A = 01, B = fa, M = 06, P = 09
A = fa, B = 01, M = 06, P = 0a
A = fb, B = 01, M = 06, P = 0b
A = fb, B = 01, M = 06, P = 06
A = 01, B = fb, M = 06, P = 07
A = 10, B = fb, M = 06, P = 08
A = 01, B = fb, M = 06, P = 09
A = fb, B = 01, M = 06, P = 0a
A = fc, B = 01, M = 06, P = 0b
A = fc, B = 01, M = 06, P = 06
A = 01, B = fc, M = 06, P = 07
A = 10, B = fc, M = 06, P = 08
A = 01, B = fc, M = 06, P = 09
A = fc, B = 01, M = 06, P = 0a
A = fd, B = 01, M = 06, P = 0b
A = fd, B = 01, M = 06, P = 06
A = 01, B = fd, M = 06, P = 07
A = 10, B = fd, M = 06, P = 08
A = 01, B = fd, M = 06, P = 09
A = fd, B = 01, M = 06, P = 0a
A = fe, B = 01, M = 06, P = 0b
A = fe, B = 01, M = 06, P = 06
A = 01, B = fe, M = 06, P = 07
A = 10, B = fe, M = 06, P = 08
A = 01, B = fe, M = 06, P = 09
A = fe, B = 01, M = 06, P = 0a
A = ff, B = 01, M = 06, P = 0b
A = ff, B = 01, M = 06, P = 06
A = 01, B = ff, M = 06, P = 07
A = 10, B = ff, M = 06, P = 08
A = 01, B = ff, M = 06, P = 09
A = ff, B = 01, M = 06, P = 0a
A = 00, B = 01, M = 06, P = 0b
A = 00, B = 01, M = 06, P = 0c
A = 00, B = 01, M = 06, P = 0d
A = 02, B = 01, M = 06, P = 0e
A = 01, B = 02, M = 06, P = 0f
A = 10, B = 02, M = 06, P = 10
A = 12, B = 02, M = 06, P = 11
A = 12, B = 02, M = 12, P = 12
Detected forever loop, halting CPU.
